Starting all problem runs...
[override] total_timesteps=500000
[timer] main started at 2026-06-19 00:46:55
Base path: /home/soar009/github/my_code/old-research-code/ecu_lt_svc_p
Scheduled run: problem3_ppo/run_all.py
Scheduled run: problem4_ppo_mask/run_all.py
Scheduled run: problem5_ppo_lagrangian/run_all.py
Scheduled run: problem6_ppo_opt/run_all.py
Scheduled run: problem_dqn/run_all.py
Scheduled run: problem_ddqn/run_all.py
=== PPO/DQN Training & Evaluation for All Problems ===
Using Python interpreter at: /home/soar009/github/my_code/.venv/bin/python
All run scripts and Python interpreter found.

Checking run script existence...
All run scripts exist. Starting execution...


=== Running problem3_ppo/run_all.py [2026-06-19 00:46:55] ===

[2026-06-19 00:47:01] [problem3_ppo/run_all.py] [timer] main started at 2026-06-19 00:47:01
[2026-06-19 00:47:01] [problem3_ppo/run_all.py] [override] TOTAL_STEPS=500,000
[2026-06-19 00:47:01] [problem3_ppo/run_all.py] 
[2026-06-19 00:47:01] [problem3_ppo/run_all.py] ============================================================
[2026-06-19 00:47:01] [problem3_ppo/run_all.py]   P3 run_all.py  —  RL WITHOUT constraint enforcement
[2026-06-19 00:47:01] [problem3_ppo/run_all.py]   Config : config_ecu_lt_svc.yaml  |  train=128/test=32  |  prototype idx=0
[2026-06-19 00:47:01] [problem3_ppo/run_all.py] ============================================================
[2026-06-19 00:47:01] [problem3_ppo/run_all.py] 
[2026-06-19 00:47:01] [problem3_ppo/run_all.py] [CPU] No CUDA GPU, using CPU
[2026-06-19 00:47:04] [problem3_ppo/run_all.py] Loaded scenario pool: All 200 Scenarios  |  N=10 ECUs  M=15 SVCs
[2026-06-19 00:47:04] [problem3_ppo/run_all.py]   Prototype scenario: Scenario 13 (idx=0)
[2026-06-19 00:47:04] [problem3_ppo/run_all.py]   Prototype ECU capacities : [195, 180, 100, 135, 165, 140, 95, 145, 155, 125]
[2026-06-19 00:47:04] [problem3_ppo/run_all.py]   Prototype SVC requirements: [40, 55, 20, 95, 70, 35, 10, 25, 60, 65, 30, 50, 90, 75, 85]
[2026-06-19 00:47:04] [problem3_ppo/run_all.py] 
[2026-06-19 00:47:04] [problem3_ppo/run_all.py] [1/4] Solving ILP for 32 test scenarios ...
[2026-06-19 00:47:04] [problem3_ppo/run_all.py]     [cache] Loaded ILP results from /home/soar009/github/my_code/old-research-code/ecu_lt_svc_p/problem3_ppo/results/ilp_cache.json
[2026-06-19 00:47:04] [problem3_ppo/run_all.py]     [cache] Feasible scenarios: 31/32 — mean AR=0.7390
[2026-06-19 00:47:04] [problem3_ppo/run_all.py]   ILP mean AR across 32 test scenarios: 0.7390
[2026-06-19 00:47:04] [problem3_ppo/run_all.py] 
[2026-06-19 00:47:04] [problem3_ppo/run_all.py] [3/4] PPO training (500,000 steps) ...
[2026-06-19 00:47:04] [problem3_ppo/run_all.py]   Using DummyVecEnv: n_envs=16
[2026-06-19 00:54:17] [problem3_ppo/run_all.py]   [train] step=200,000/500,000 ( 40.0%) | eps=13328 | steps/s=463
[2026-06-19 01:01:53] [problem3_ppo/run_all.py]   [train] step=400,000/500,000 ( 80.0%) | eps=26656 | steps/s=450
[2026-06-19 01:05:29] [problem3_ppo/run_all.py]   Training done  1103.9s | 33584 episodes | AR(last50)=11.1473
[2026-06-19 01:05:29] [problem3_ppo/run_all.py]   Model saved → /home/soar009/github/my_code/old-research-code/ecu_lt_svc_p/problem3_ppo/results/ppo_p3_model.zip
[2026-06-19 01:05:29] [problem3_ppo/run_all.py] 
[2026-06-19 01:05:29] [problem3_ppo/run_all.py] [4/4] PPO evaluation (32 episodes, deterministic) ...
[2026-06-19 01:05:29] [problem3_ppo/run_all.py]   PPO AR  mean=12.1867  std=2.5837
[2026-06-19 01:05:29] [problem3_ppo/run_all.py]   Eval viol rate mean=187.71%
[2026-06-19 01:05:29] [problem3_ppo/run_all.py] 
[2026-06-19 01:05:29] [problem3_ppo/run_all.py] ==============================================================
[2026-06-19 01:05:29] [problem3_ppo/run_all.py]   Method                   AR (mean±std)          ViolRate  
[2026-06-19 01:05:29] [problem3_ppo/run_all.py]   ------------------------ ---------------------- ----------
[2026-06-19 01:05:29] [problem3_ppo/run_all.py]   ILP (Optimal)            0.7390 ± 0.0000       0         
[2026-06-19 01:05:29] [problem3_ppo/run_all.py]   PPO (P3, no constr)      12.1867 ± 2.5837     187.71%   
[2026-06-19 01:05:29] [problem3_ppo/run_all.py] ==============================================================
[2026-06-19 01:05:29] [problem3_ppo/run_all.py] 
[2026-06-19 01:05:29] [problem3_ppo/run_all.py]   JSON saved → /home/soar009/github/my_code/old-research-code/ecu_lt_svc_p/problem3_ppo/results/20260619_010529/results.json
[2026-06-19 01:05:29] [problem3_ppo/run_all.py]   CSV  saved → /home/soar009/github/my_code/old-research-code/ecu_lt_svc_p/problem3_ppo/results/20260619_010529/summary.csv
[2026-06-19 01:05:31] [problem3_ppo/run_all.py]   Saved → /home/soar009/github/my_code/old-research-code/ecu_lt_svc_p/problem3_ppo/results/20260619_010529/training_curve.png
[2026-06-19 01:05:31] [problem3_ppo/run_all.py] /home/soar009/github/my_code/old-research-code/ecu_lt_svc_p/problem3_ppo/run_all.py:300: UserWarning: Tight layout not applied. The bottom and top margins cannot be made large enough to accommodate all Axes decorations.
[2026-06-19 01:05:31] [problem3_ppo/run_all.py]   plt.tight_layout()
[2026-06-19 01:05:32] [problem3_ppo/run_all.py]   Saved → /home/soar009/github/my_code/old-research-code/ecu_lt_svc_p/problem3_ppo/results/20260619_010529/comparison.png
[2026-06-19 01:05:32] [problem3_ppo/run_all.py] 
[2026-06-19 01:05:32] [problem3_ppo/run_all.py] All done! Output files:
[2026-06-19 01:05:32] [problem3_ppo/run_all.py]   /home/soar009/github/my_code/old-research-code/ecu_lt_svc_p/problem3_ppo/results/20260619_010529/training_curve.png
[2026-06-19 01:05:32] [problem3_ppo/run_all.py]   /home/soar009/github/my_code/old-research-code/ecu_lt_svc_p/problem3_ppo/results/20260619_010529/comparison.png
[2026-06-19 01:05:32] [problem3_ppo/run_all.py]   /home/soar009/github/my_code/old-research-code/ecu_lt_svc_p/problem3_ppo/results/20260619_010529/results.json
[2026-06-19 01:05:32] [problem3_ppo/run_all.py]   /home/soar009/github/my_code/old-research-code/ecu_lt_svc_p/problem3_ppo/results/20260619_010529/summary.csv
[2026-06-19 01:05:32] [problem3_ppo/run_all.py] 
[2026-06-19 01:05:32] [problem3_ppo/run_all.py] 
[2026-06-19 01:05:32] [problem3_ppo/run_all.py] [timer] main finished in 18m 31.1s [2026-06-19 01:05:32]
=== Finished problem3_ppo/run_all.py in 1118.3s [2026-06-19 01:05:33] ===

=== Running problem4_ppo_mask/run_all.py [2026-06-19 01:05:33] ===

[2026-06-19 01:05:40] [problem4_ppo_mask/run_all.py] [timer] main started at 2026-06-19 01:05:40
[2026-06-19 01:05:40] [problem4_ppo_mask/run_all.py] [override] TOTAL_STEPS=500,000
[2026-06-19 01:05:40] [problem4_ppo_mask/run_all.py] 
[2026-06-19 01:05:40] [problem4_ppo_mask/run_all.py] ============================================================
[2026-06-19 01:05:40] [problem4_ppo_mask/run_all.py]   P4 run_all.py  —  RL WITH action masking (0 violations)
[2026-06-19 01:05:40] [problem4_ppo_mask/run_all.py]   Config : config_ecu_lt_svc.yaml  |  train=128/test=32  |  prototype idx=0
[2026-06-19 01:05:40] [problem4_ppo_mask/run_all.py] ============================================================
[2026-06-19 01:05:40] [problem4_ppo_mask/run_all.py] 
[2026-06-19 01:05:40] [problem4_ppo_mask/run_all.py] [CPU] No CUDA GPU, using CPU
[2026-06-19 01:05:42] [problem4_ppo_mask/run_all.py] Loaded scenario pool: All 200 Scenarios  |  N=10 ECUs  M=15 SVCs
[2026-06-19 01:05:42] [problem4_ppo_mask/run_all.py]   Prototype scenario: Scenario 13 (idx=0)
[2026-06-19 01:05:42] [problem4_ppo_mask/run_all.py]   Prototype ECU capacities : [195, 180, 100, 135, 165, 140, 95, 145, 155, 125]
[2026-06-19 01:05:42] [problem4_ppo_mask/run_all.py]   Prototype SVC requirements: [40, 55, 20, 95, 70, 35, 10, 25, 60, 65, 30, 50, 90, 75, 85]
[2026-06-19 01:05:42] [problem4_ppo_mask/run_all.py] 
[2026-06-19 01:05:42] [problem4_ppo_mask/run_all.py] [1/4] Solving ILP for 32 test scenarios ...
[2026-06-19 01:05:42] [problem4_ppo_mask/run_all.py]     [cache] Loaded ILP results from /home/soar009/github/my_code/old-research-code/ecu_lt_svc_p/problem4_ppo_mask/results/ilp_cache.json
[2026-06-19 01:05:42] [problem4_ppo_mask/run_all.py]     [cache] Feasible scenarios: 31/32 — mean AR=0.7390
[2026-06-19 01:05:42] [problem4_ppo_mask/run_all.py]   ILP mean AR across 32 test scenarios: 0.7390
[2026-06-19 01:05:42] [problem4_ppo_mask/run_all.py] 
[2026-06-19 01:05:42] [problem4_ppo_mask/run_all.py] [3/4] MaskablePPO training (500,000 steps) ...
[2026-06-19 01:05:42] [problem4_ppo_mask/run_all.py]   Using DummyVecEnv: n_envs=16
[2026-06-19 01:14:33] [problem4_ppo_mask/run_all.py]   [train] step=200,000/500,000 ( 40.0%) | eps=13328 | steps/s=378
[2026-06-19 01:23:17] [problem4_ppo_mask/run_all.py]   [train] step=400,000/500,000 ( 80.0%) | eps=26656 | steps/s=380
[2026-06-19 01:31:41] [problem4_ppo_mask/run_all.py]   Training done  1557.7s | 33440 eps | AR(last50)=0.6831 | placed(last50)=15.0/15
[2026-06-19 01:31:42] [problem4_ppo_mask/run_all.py]   Model saved -> /home/soar009/github/my_code/old-research-code/ecu_lt_svc_p/problem4_ppo_mask/results/maskppo_p4_model.zip
[2026-06-19 01:31:42] [problem4_ppo_mask/run_all.py] 
[2026-06-19 01:31:42] [problem4_ppo_mask/run_all.py] [4/4] MaskablePPO evaluation (32 episodes, deterministic) ...
[2026-06-19 01:31:43] [problem4_ppo_mask/run_all.py]   PPO AR  mean=0.6561  std=0.0680
[2026-06-19 01:31:43] [problem4_ppo_mask/run_all.py]   Placed/ep  mean=15.0/15
[2026-06-19 01:31:43] [problem4_ppo_mask/run_all.py] 
[2026-06-19 01:31:43] [problem4_ppo_mask/run_all.py] ==================================================================
[2026-06-19 01:31:43] [problem4_ppo_mask/run_all.py]   Method                       AR (mean+/-std)          Placed     Viol
[2026-06-19 01:31:43] [problem4_ppo_mask/run_all.py]   ---------------------------- ------------------------ ---------- -----
[2026-06-19 01:31:43] [problem4_ppo_mask/run_all.py]   ILP (Optimal)                0.7390 +/- 0.0000       15/15      0
[2026-06-19 01:31:43] [problem4_ppo_mask/run_all.py]   MaskablePPO (P4)             0.6561 +/- 0.0680     15.0/15    0
[2026-06-19 01:31:43] [problem4_ppo_mask/run_all.py] ==================================================================
[2026-06-19 01:31:43] [problem4_ppo_mask/run_all.py] 
[2026-06-19 01:31:43] [problem4_ppo_mask/run_all.py]   JSON saved -> /home/soar009/github/my_code/old-research-code/ecu_lt_svc_p/problem4_ppo_mask/results/20260619_013143/results.json
[2026-06-19 01:31:43] [problem4_ppo_mask/run_all.py]   CSV  saved -> /home/soar009/github/my_code/old-research-code/ecu_lt_svc_p/problem4_ppo_mask/results/20260619_013143/summary.csv
[2026-06-19 01:31:44] [problem4_ppo_mask/run_all.py]   Saved -> /home/soar009/github/my_code/old-research-code/ecu_lt_svc_p/problem4_ppo_mask/results/20260619_013143/training_curve.png
[2026-06-19 01:31:45] [problem4_ppo_mask/run_all.py]   Saved -> /home/soar009/github/my_code/old-research-code/ecu_lt_svc_p/problem4_ppo_mask/results/20260619_013143/comparison.png
[2026-06-19 01:31:45] [problem4_ppo_mask/run_all.py] 
[2026-06-19 01:31:45] [problem4_ppo_mask/run_all.py] All done! Output files:
[2026-06-19 01:31:45] [problem4_ppo_mask/run_all.py]   /home/soar009/github/my_code/old-research-code/ecu_lt_svc_p/problem4_ppo_mask/results/20260619_013143/training_curve.png
[2026-06-19 01:31:45] [problem4_ppo_mask/run_all.py]   /home/soar009/github/my_code/old-research-code/ecu_lt_svc_p/problem4_ppo_mask/results/20260619_013143/comparison.png
[2026-06-19 01:31:45] [problem4_ppo_mask/run_all.py]   /home/soar009/github/my_code/old-research-code/ecu_lt_svc_p/problem4_ppo_mask/results/20260619_013143/results.json
[2026-06-19 01:31:45] [problem4_ppo_mask/run_all.py]   /home/soar009/github/my_code/old-research-code/ecu_lt_svc_p/problem4_ppo_mask/results/20260619_013143/summary.csv
[2026-06-19 01:31:45] [problem4_ppo_mask/run_all.py] 
[2026-06-19 01:31:45] [problem4_ppo_mask/run_all.py] 
[2026-06-19 01:31:45] [problem4_ppo_mask/run_all.py] [timer] main finished in 26m 5.3s [2026-06-19 01:31:45]
=== Finished problem4_ppo_mask/run_all.py in 1572.6s [2026-06-19 01:31:46] ===

=== Running problem5_ppo_lagrangian/run_all.py [2026-06-19 01:31:46] ===

[2026-06-19 01:31:53] [problem5_ppo_lagrangian/run_all.py] [timer] main started at 2026-06-19 01:31:53
[2026-06-19 01:31:53] [problem5_ppo_lagrangian/run_all.py] [override] TOTAL_STEPS=500,000
[2026-06-19 01:31:53] [problem5_ppo_lagrangian/run_all.py] 
[2026-06-19 01:31:53] [problem5_ppo_lagrangian/run_all.py] ============================================================
[2026-06-19 01:31:53] [problem5_ppo_lagrangian/run_all.py]   P5 run.py  —  Lagrangian Constraint Relaxation
[2026-06-19 01:31:53] [problem5_ppo_lagrangian/run_all.py]   Config : config_ecu_lt_svc.yaml  |  train=128/test=32  |  prototype idx=0
[2026-06-19 01:31:53] [problem5_ppo_lagrangian/run_all.py]   λ_init=0.0  lr=0.005  target=0.0  max=10.0
[2026-06-19 01:31:53] [problem5_ppo_lagrangian/run_all.py]   CPU cores detected: 56  →  configured parallel envs: 16
[2026-06-19 01:31:53] [problem5_ppo_lagrangian/run_all.py] ============================================================
[2026-06-19 01:31:53] [problem5_ppo_lagrangian/run_all.py] 
[2026-06-19 01:31:56] [problem5_ppo_lagrangian/run_all.py] Loaded scenario pool: All 200 Scenarios  |  N=10 ECUs  M=15 SVCs
[2026-06-19 01:31:56] [problem5_ppo_lagrangian/run_all.py]   Prototype scenario: Scenario 13 (idx=0)
[2026-06-19 01:31:56] [problem5_ppo_lagrangian/run_all.py]   Prototype ECU capacities : [195, 180, 100, 135, 165, 140, 95, 145, 155, 125]
[2026-06-19 01:31:56] [problem5_ppo_lagrangian/run_all.py]   Prototype SVC requirements: [40, 55, 20, 95, 70, 35, 10, 25, 60, 65, 30, 50, 90, 75, 85]
[2026-06-19 01:31:56] [problem5_ppo_lagrangian/run_all.py] 
[2026-06-19 01:31:56] [problem5_ppo_lagrangian/run_all.py] [1/4] Solving ILP for 32 test scenarios ...
[2026-06-19 01:31:56] [problem5_ppo_lagrangian/run_all.py]     [cache] Loaded ILP results from /home/soar009/github/my_code/old-research-code/ecu_lt_svc_p/problem5_ppo_lagrangian/results/ilp_cache.json
[2026-06-19 01:31:56] [problem5_ppo_lagrangian/run_all.py]     [cache] Feasible scenarios: 32/32 — mean AR=0.7390
[2026-06-19 01:31:56] [problem5_ppo_lagrangian/run_all.py]   ILP mean AR across 32 test scenarios: 0.7390
[2026-06-19 01:31:56] [problem5_ppo_lagrangian/run_all.py] 
[2026-06-19 01:31:56] [problem5_ppo_lagrangian/run_all.py] [3/4] Lagrangian PPO training (500,000 steps, 16 envs) ...
[2026-06-19 01:31:56] [problem5_ppo_lagrangian/run_all.py]   Using DummyVecEnv: n_envs=16
[2026-06-19 01:42:28] [problem5_ppo_lagrangian/run_all.py]   [train] step=200,000/500,000 ( 40.0%) | eps=13328 | steps/s=318 | lambda=2.5703
[2026-06-19 01:44:25] [problem5_ppo_lagrangian/run_all.py]   [train] step=400,000/500,000 ( 80.0%) | eps=26656 | steps/s=536 | lambda=3.1253
[2026-06-19 01:45:31] [problem5_ppo_lagrangian/run_all.py]   Training done  813.0s | 33856 episodes | AR(last50)=0.6379 | viol(last50)=0.0240 | final λ=3.3165
[2026-06-19 01:45:31] [problem5_ppo_lagrangian/run_all.py]   Model saved -> /home/soar009/github/my_code/old-research-code/ecu_lt_svc_p/problem5_ppo_lagrangian/results/lagrange_ppo_model.zip
[2026-06-19 01:45:31] [problem5_ppo_lagrangian/run_all.py] 
[2026-06-19 01:45:31] [problem5_ppo_lagrangian/run_all.py] [4/4] Lagrangian PPO evaluation (32 episodes, deterministic) ...
[2026-06-19 01:45:32] [problem5_ppo_lagrangian/run_all.py]   PPO  AR mean=0.6505  Eval viol=5.21%
[2026-06-19 01:45:32] [problem5_ppo_lagrangian/run_all.py] 
[2026-06-19 01:45:32] [problem5_ppo_lagrangian/run_all.py] ========================================================================
[2026-06-19 01:45:32] [problem5_ppo_lagrangian/run_all.py]   Method                       AR mean±std              Viol%          Placed
[2026-06-19 01:45:32] [problem5_ppo_lagrangian/run_all.py]   ---------------------------- ------------------------ -------------- --------
[2026-06-19 01:45:32] [problem5_ppo_lagrangian/run_all.py]   ILP (Optimal)                0.7390 ± 0.0000        0.00%          15/15
[2026-06-19 01:45:32] [problem5_ppo_lagrangian/run_all.py]   Lagrange PPO                 0.6505 ± 0.0678     5.21%        15/15
[2026-06-19 01:45:32] [problem5_ppo_lagrangian/run_all.py]   Final λ = 3.3165
[2026-06-19 01:45:32] [problem5_ppo_lagrangian/run_all.py] ========================================================================
[2026-06-19 01:45:32] [problem5_ppo_lagrangian/run_all.py] 
[2026-06-19 01:45:32] [problem5_ppo_lagrangian/run_all.py]   JSON saved -> /home/soar009/github/my_code/old-research-code/ecu_lt_svc_p/problem5_ppo_lagrangian/results/20260619_014532/results.json
[2026-06-19 01:45:32] [problem5_ppo_lagrangian/run_all.py]   CSV  saved -> /home/soar009/github/my_code/old-research-code/ecu_lt_svc_p/problem5_ppo_lagrangian/results/20260619_014532/summary.csv
[2026-06-19 01:45:32] [problem5_ppo_lagrangian/run_all.py]   Saved -> /home/soar009/github/my_code/old-research-code/ecu_lt_svc_p/problem5_ppo_lagrangian/results/20260619_014532/training_curve.png
[2026-06-19 01:45:33] [problem5_ppo_lagrangian/run_all.py]   Saved -> /home/soar009/github/my_code/old-research-code/ecu_lt_svc_p/problem5_ppo_lagrangian/results/20260619_014532/comparison.png
[2026-06-19 01:45:33] [problem5_ppo_lagrangian/run_all.py] 
[2026-06-19 01:45:33] [problem5_ppo_lagrangian/run_all.py] All done! Output files:
[2026-06-19 01:45:33] [problem5_ppo_lagrangian/run_all.py]   /home/soar009/github/my_code/old-research-code/ecu_lt_svc_p/problem5_ppo_lagrangian/results/20260619_014532/training_curve.png
[2026-06-19 01:45:33] [problem5_ppo_lagrangian/run_all.py]   /home/soar009/github/my_code/old-research-code/ecu_lt_svc_p/problem5_ppo_lagrangian/results/20260619_014532/comparison.png
[2026-06-19 01:45:33] [problem5_ppo_lagrangian/run_all.py]   /home/soar009/github/my_code/old-research-code/ecu_lt_svc_p/problem5_ppo_lagrangian/results/20260619_014532/results.json
[2026-06-19 01:45:33] [problem5_ppo_lagrangian/run_all.py]   /home/soar009/github/my_code/old-research-code/ecu_lt_svc_p/problem5_ppo_lagrangian/results/20260619_014532/summary.csv
[2026-06-19 01:45:33] [problem5_ppo_lagrangian/run_all.py] 
[2026-06-19 01:45:33] [problem5_ppo_lagrangian/run_all.py] 
[2026-06-19 01:45:33] [problem5_ppo_lagrangian/run_all.py] [timer] main finished in 13m 40.2s [2026-06-19 01:45:33]
=== Finished problem5_ppo_lagrangian/run_all.py in 827.7s [2026-06-19 01:45:34] ===

=== Running problem6_ppo_opt/run_all.py [2026-06-19 01:45:34] ===

[2026-06-19 01:45:38] [problem6_ppo_opt/run_all.py] [timer] main started at 2026-06-19 01:45:38
[2026-06-19 01:45:38] [problem6_ppo_opt/run_all.py] [override] TOTAL_STEPS=500,000
[2026-06-19 01:45:38] [problem6_ppo_opt/run_all.py] 
[2026-06-19 01:45:38] [problem6_ppo_opt/run_all.py] ============================================================
[2026-06-19 01:45:38] [problem6_ppo_opt/run_all.py]   P6 run_all.py  —  PPO + best-fit repair heuristic
[2026-06-19 01:45:38] [problem6_ppo_opt/run_all.py]   Config : config_ecu_lt_svc.yaml  |  train=128/test=32  |  prototype idx=0
[2026-06-19 01:45:38] [problem6_ppo_opt/run_all.py] ============================================================
[2026-06-19 01:45:38] [problem6_ppo_opt/run_all.py] 
[2026-06-19 01:45:38] [problem6_ppo_opt/run_all.py] [CPU] No CUDA GPU, using CPU
[2026-06-19 01:45:39] [problem6_ppo_opt/run_all.py] Loaded scenario pool: All 200 Scenarios  |  N=10 ECUs  M=15 SVCs
[2026-06-19 01:45:39] [problem6_ppo_opt/run_all.py]   Prototype scenario: Scenario 13 (idx=0)
[2026-06-19 01:45:39] [problem6_ppo_opt/run_all.py]   Prototype ECU capacities : [195, 180, 100, 135, 165, 140, 95, 145, 155, 125]
[2026-06-19 01:45:39] [problem6_ppo_opt/run_all.py]   Prototype SVC requirements: [40, 55, 20, 95, 70, 35, 10, 25, 60, 65, 30, 50, 90, 75, 85]
[2026-06-19 01:45:39] [problem6_ppo_opt/run_all.py] 
[2026-06-19 01:45:39] [problem6_ppo_opt/run_all.py] [1/4] Solving ILP for 32 test scenarios ...
[2026-06-19 01:45:39] [problem6_ppo_opt/run_all.py]     [cache] Loaded ILP results from /home/soar009/github/my_code/old-research-code/ecu_lt_svc_p/problem6_ppo_opt/results/ilp_cache.json
[2026-06-19 01:45:39] [problem6_ppo_opt/run_all.py]     [cache] Feasible scenarios: 31/32 — mean AR=0.7390
[2026-06-19 01:45:39] [problem6_ppo_opt/run_all.py]   ILP mean AR across 32 test scenarios: 0.7390
[2026-06-19 01:45:39] [problem6_ppo_opt/run_all.py] 
[2026-06-19 01:45:39] [problem6_ppo_opt/run_all.py] [3/4] PPO training (500,000 steps) ...
[2026-06-19 01:45:39] [problem6_ppo_opt/run_all.py]   Using DummyVecEnv: n_envs=16
[2026-06-19 01:47:51] [problem6_ppo_opt/run_all.py]   [train] step=200,000/500,000 ( 40.0%) | eps=14844 | steps/s=1,523
[2026-06-19 01:49:54] [problem6_ppo_opt/run_all.py]   [train] step=400,000/500,000 ( 80.0%) | eps=29100 | steps/s=1,574
[2026-06-19 01:50:58] [problem6_ppo_opt/run_all.py]   Training done  317.6s | 36390 episodes | AR(last50)=0.6980
[2026-06-19 01:50:58] [problem6_ppo_opt/run_all.py]   Model saved → /home/soar009/github/my_code/old-research-code/ecu_lt_svc_p/problem6_ppo_opt/results/ppo_p6_model.zip
[2026-06-19 01:50:58] [problem6_ppo_opt/run_all.py] 
[2026-06-19 01:50:58] [problem6_ppo_opt/run_all.py] [4/4] PPO evaluation (32 episodes, deterministic) ...
[2026-06-19 01:50:58] [problem6_ppo_opt/run_all.py]   PPO AR  mean=0.6795  std=0.0728
[2026-06-19 01:50:58] [problem6_ppo_opt/run_all.py]   Eval viol rate mean=0.31%
[2026-06-19 01:50:58] [problem6_ppo_opt/run_all.py] 
[2026-06-19 01:50:58] [problem6_ppo_opt/run_all.py] ==============================================================
[2026-06-19 01:50:58] [problem6_ppo_opt/run_all.py]   Method                   AR (mean±std)          ViolRate  
[2026-06-19 01:50:58] [problem6_ppo_opt/run_all.py]   ------------------------ ---------------------- ----------
[2026-06-19 01:50:58] [problem6_ppo_opt/run_all.py]   ILP (Optimal)            0.7390 ± 0.0000       0         
[2026-06-19 01:50:58] [problem6_ppo_opt/run_all.py]   PPO (P6, repair)         0.6795 ± 0.0728     0.31%     
[2026-06-19 01:50:58] [problem6_ppo_opt/run_all.py] ==============================================================
[2026-06-19 01:50:58] [problem6_ppo_opt/run_all.py] 
[2026-06-19 01:50:58] [problem6_ppo_opt/run_all.py]   JSON saved → /home/soar009/github/my_code/old-research-code/ecu_lt_svc_p/problem6_ppo_opt/results/20260619_015058/results.json
[2026-06-19 01:50:58] [problem6_ppo_opt/run_all.py]   CSV  saved → /home/soar009/github/my_code/old-research-code/ecu_lt_svc_p/problem6_ppo_opt/results/20260619_015058/summary.csv
[2026-06-19 01:50:58] [problem6_ppo_opt/run_all.py] Traceback (most recent call last):
[2026-06-19 01:50:58] [problem6_ppo_opt/run_all.py]   File "/home/soar009/github/my_code/old-research-code/ecu_lt_svc_p/problem6_ppo_opt/run_all.py", line 423, in <module>
[2026-06-19 01:50:58] [problem6_ppo_opt/run_all.py]     main()
[2026-06-19 01:50:58] [problem6_ppo_opt/run_all.py]   File "/home/soar009/github/my_code/old-research-code/ecu_lt_svc_p/timer_utils.py", line 16, in wrapper
[2026-06-19 01:50:58] [problem6_ppo_opt/run_all.py]     result = func(*args, **kwargs)
[2026-06-19 01:50:58] [problem6_ppo_opt/run_all.py]              ^^^^^^^^^^^^^^^^^^^^^
[2026-06-19 01:50:58] [problem6_ppo_opt/run_all.py]   File "/home/soar009/github/my_code/old-research-code/ecu_lt_svc_p/problem6_ppo_opt/run_all.py", line 412, in main
[2026-06-19 01:50:58] [problem6_ppo_opt/run_all.py]     plot_training_curve(cb, ilp_ar, run_dir, sc_name)
[2026-06-19 01:50:58] [problem6_ppo_opt/run_all.py]   File "/home/soar009/github/my_code/old-research-code/ecu_lt_svc_p/problem6_ppo_opt/run_all.py", line 185, in plot_training_curve
[2026-06-19 01:50:58] [problem6_ppo_opt/run_all.py]     np.savez(outdir / "train_data.npz", timesteps=ts, episode_ars=np.array(cb.episode_ars), cap_viol_rates=np.array(cb.episode_cap_violations, dtype=float)/C.M, conf_viol_rates=np.array(cb.episode_conflict_violations, dtype=float)/C.M)
[2026-06-19 01:50:58] [problem6_ppo_opt/run_all.py]                                                                                                                     ^^^^^^^^^^^^^^^^^^^^^^^^^
[2026-06-19 01:50:58] [problem6_ppo_opt/run_all.py] AttributeError: 'P6Callback' object has no attribute 'episode_cap_violations'
Error: problem6_ppo_opt/run_all.py failed with exit code 1.

[timer] main finished in 64m 3.5s [2026-06-19 01:50:59]
