Starting all problem runs...
[override] total_timesteps=500000
[timer] main started at 2026-06-19 00:46:55
Base path: /home/soar009/github/my_code/old-research-code/ecu_gt_svc_p
Scheduled run: problem3_ppo/run_all.py
Scheduled run: problem4_ppo_mask/run_all.py
Scheduled run: problem5_ppo_lagrangian/run_all.py
Scheduled run: problem6_ppo_opt/run_all.py
Scheduled run: problem_dqn/run_all.py
Scheduled run: problem_ddqn/run_all.py
=== PPO/DQN Training & Evaluation for All Problems ===
Using Python interpreter at: /home/soar009/github/my_code/.venv/bin/python
All run scripts and Python interpreter found.

Checking run script existence...
All run scripts exist. Starting execution...


=== Running problem3_ppo/run_all.py [2026-06-19 00:46:55] ===

[2026-06-19 00:47:01] [problem3_ppo/run_all.py] [timer] main started at 2026-06-19 00:47:01
[2026-06-19 00:47:01] [problem3_ppo/run_all.py] [override] TOTAL_STEPS=500,000
[2026-06-19 00:47:01] [problem3_ppo/run_all.py] 
[2026-06-19 00:47:01] [problem3_ppo/run_all.py] ============================================================
[2026-06-19 00:47:01] [problem3_ppo/run_all.py]   P3 run_all.py  —  RL WITHOUT constraint enforcement
[2026-06-19 00:47:01] [problem3_ppo/run_all.py]   Config : config_ecu_gt_svc.yaml  |  train=160/test=40  |  prototype idx=0
[2026-06-19 00:47:01] [problem3_ppo/run_all.py] ============================================================
[2026-06-19 00:47:01] [problem3_ppo/run_all.py] 
[2026-06-19 00:47:01] [problem3_ppo/run_all.py] [CPU] No CUDA GPU, using CPU
[2026-06-19 00:47:04] [problem3_ppo/run_all.py] Loaded scenario pool: All 200 Scenarios  |  N=15 ECUs  M=10 SVCs
[2026-06-19 00:47:04] [problem3_ppo/run_all.py]   Prototype scenario: Scenario 1 (idx=0)
[2026-06-19 00:47:04] [problem3_ppo/run_all.py]   Prototype ECU capacities : [195, 185, 55, 85, 170, 100, 50, 65, 190, 95, 155, 125, 70, 75, 165]
[2026-06-19 00:47:04] [problem3_ppo/run_all.py]   Prototype SVC requirements: [80, 90, 55, 25, 70, 95, 85, 30, 35, 60]
[2026-06-19 00:47:04] [problem3_ppo/run_all.py] 
[2026-06-19 00:47:04] [problem3_ppo/run_all.py] [Feasibility Check]
[2026-06-19 00:47:20] [problem3_ppo/run_all.py]   Train: 160/160 feasible, 0 infeasible (idx: [])
[2026-06-19 00:47:20] [problem3_ppo/run_all.py]   Test:  40/40 feasible, 0 infeasible (idx: [])
[2026-06-19 00:47:20] [problem3_ppo/run_all.py] 
[2026-06-19 00:47:20] [problem3_ppo/run_all.py] [1/3] Solving ILP for 40 test scenarios ...
[2026-06-19 00:47:20] [problem3_ppo/run_all.py]     [cache] Loaded ILP results from /home/soar009/github/my_code/old-research-code/ecu_gt_svc_p/problem3_ppo/results/ilp_cache.json
[2026-06-19 00:47:20] [problem3_ppo/run_all.py]   ILP mean AR across 40 test scenarios: 0.6337
[2026-06-19 00:47:20] [problem3_ppo/run_all.py] 
[2026-06-19 00:47:20] [problem3_ppo/run_all.py] [2/3] P[2026-06-19 00:51:31] [problem3_ppo/run_all.py]   [train] step=200,000/5,000,000 (  4.0%) | eps=20000 | steps/s[2026[2026-06-19 00:59:00] [problem3_ppo/run_all.py]   [train] step=400,000/5,000,000 (  8.0%) | eps=40000 | steps[2026-0[2026-06-19 01:05:36] [problem3_ppo/run_all.py]   [train] step=600,000/5,000,000 ( 12.0%) | eps=60000 | steps/s=519
[2026-06-19 01:12:56] [problem3_ppo/run_all.py]   [train] step=800,000/5,000,000 ( 16.0%) | eps=80000 | steps/s=501
[2026-06-19 01:20:15] [problem3_ppo/run_all.py]   [train] step=1,000,000/5,000,000 ( 20.0%) | eps=100000 | steps/s=491
[2026-06-19 01:32:05] [problem3_ppo/run_all.py]   [train] step=1,200,000/5,000,000 ( 24.0%) | eps=120000 | steps/s=437
Error: problem3_ppo/run_all.py failed with exit code -15.

[timer] main finished in 54m 51.3s [2026-06-19 01:40:51]
AR  mean=0.8825  std=0.0544
[2026-06-19 01:04:58] [problem3_ppo/run_all.py]   Eval conflict viol rate mean=28.00%
[2026-06-19 01:04:58] [problem3_ppo/run_all.py] 
[2026-06-19 01:04:58] [problem3_ppo/run_all.py] ==============================================================
[2026-06-19 01:04:58] [problem3_ppo/run_all.py]   Method                   AR (mean±std)          ConflictViolRate
[2026-06-19 01:04:58] [problem3_ppo/run_all.py]   ------------------------ ---------------------- ----------------
[2026-06-19 01:04:58] [problem3_ppo/run_all.py]   ILP (Optimal)            0.6337 ± 0.0000       0         
[2026-06-19 01:04:58] [problem3_ppo/run_all.py]   PPO (P3, cap masked)     0.8825 ± 0.0544     28.00%    
[2026-06-19 01:04:58] [problem3_ppo/run_all.py] ==============================================================
[2026-06-19 01:04:58] [problem3_ppo/run_all.py] 
[2026-06-19 01:04:58] [problem3_ppo/run_all.py]   JSON saved → /home/soar009/github/my_code/old-research-code/ecu_gt_svc_p/problem3_ppo/results/20260619_010458/results.json
[2026-06-19 01:04:58] [problem3_ppo/run_all.py]   CSV  saved → /home/soar009/github/my_code/old-research-code/ecu_gt_svc_p/problem3_ppo/results/20260619_010458/summary.csv
[2026-06-19 01:05:00] [problem3_ppo/run_all.py]   Saved → /home/soar009/github/my_code/old-research-code/ecu_gt_svc_p/problem3_ppo/results/20260619_010458/training_curve.png
[2026-06-19 01:05:00] [problem3_ppo/run_all.py]   Saved → /home/soar009/github/my_code/old-research-code/ecu_gt_svc_p/problem3_ppo/results/20260619_010458/comparison.png
[2026-06-19 01:05:00] [problem3_ppo/run_all.py] 
[2026-06-19 01:05:00] [problem3_ppo/run_all.py] All done! Output files:
[2026-06-19 01:05:00] [problem3_ppo/run_all.py]   /home/soar009/github/my_code/old-research-code/ecu_gt_svc_p/problem3_ppo/results/20260619_010458/training_curve.png
[2026-06-19 01:05:00] [problem3_ppo/run_all.py]   /home/soar009/github/my_code/old-research-code/ecu_gt_svc_p/problem3_ppo/results/20260619_010458/comparison.png
[2026-06-19 01:05:00] [problem3_ppo/run_all.py]   /home/soar009/github/my_code/old-research-code/ecu_gt_svc_p/problem3_ppo/results/20260619_010458/results.json
[2026-06-19 01:05:00] [problem3_ppo/run_all.py]   /home/soar009/github/my_code/old-research-code/ecu_gt_svc_p/problem3_ppo/results/20260619_010458/summary.csv
[2026-06-19 01:05:00] [problem3_ppo/run_all.py] 
[2026-06-19 01:05:00] [problem3_ppo/run_all.py] 
[2026-06-19 01:05:00] [problem3_ppo/run_all.py] [timer] main finished in 17m 59.0s [2026-06-19 01:05:00]
=== Finished problem3_ppo/run_all.py in 1086.3s [2026-06-19 01:05:01] ===

=== Running problem4_ppo_mask/run_all.py [2026-06-19 01:05:01] ===

[2026-06-19 01:05:08] [problem4_ppo_mask/run_all.py] [timer] main started at 2026-06-19 01:05:08
[2026-06-19 01:05:08] [problem4_ppo_mask/run_all.py] [override] TOTAL_STEPS=500,000
[2026-06-19 01:05:08] [problem4_ppo_mask/run_all.py] 
[2026-06-19 01:05:08] [problem4_ppo_mask/run_all.py] ============================================================
[2026-06-19 01:05:08] [problem4_ppo_mask/run_all.py]   P4 run_all.py  —  RL WITH action masking (0 violations)
[2026-06-19 01:05:08] [problem4_ppo_mask/run_all.py]   Config : config_ecu_gt_svc.yaml  |  train=160/test=40  |  prototype idx=0
[2026-06-19 01:05:08] [problem4_ppo_mask/run_all.py] ============================================================
[2026-06-19 01:05:08] [problem4_ppo_mask/run_all.py] 
[2026-06-19 01:05:08] [problem4_ppo_mask/run_all.py] [CPU] No CUDA GPU, using CPU
[2026-06-19 01:05:11] [problem4_ppo_mask/run_all.py] Loaded scenario pool: All 200 Scenarios  |  N=15 ECUs  M=10 SVCs
[2026-06-19 01:05:11] [problem4_ppo_mask/run_all.py]   Prototype scenario: Scenario 1 (idx=0)
[2026-06-19 01:05:11] [problem4_ppo_mask/run_all.py]   Prototype ECU capacities : [195, 185, 55, 85, 170, 100, 50, 65, 190, 95, 155, 125, 70, 75, 165]
[2026-06-19 01:05:11] [problem4_ppo_mask/run_all.py]   Prototype SVC requirements: [80, 90, 55, 25, 70, 95, 85, 30, 35, 60]
[2026-06-19 01:05:11] [problem4_ppo_mask/run_all.py] 
[2026-06-19 01:05:11] [problem4_ppo_mask/run_all.py] [Feasibility Check]
[2026-06-19 01:05:27] [problem4_ppo_mask/run_all.py]   Train: 160/160 feasible, 0 infeasible (idx: [])
[2026-06-19 01:05:27] [problem4_ppo_mask/run_all.py]   Test:  40/40 feasible, 0 infeasible (idx: [])
[2026-06-19 01:05:27] [problem4_ppo_mask/run_all.py] 
[2026-06-19 01:05:27] [problem4_ppo_mask/run_all.py] [1/3] Solving ILP for 40 test scenarios ...
[2026-06-19 01:05:27] [problem4_ppo_mask/run_all.py]     [cache] Loaded ILP results from /home/soar009/github/my_code/old-research-code/ecu_gt_svc_p/problem4_ppo_mask/results/ilp_cache.json
[2026-06-19 01:05:27] [problem4_ppo_mask/run_all.py]   ILP mean AR across 40 test scenarios: 0.6337
[2026-06-19 01:05:27] [problem4_ppo_mask/run_all.py] 
[2026-06-19 01:05:27] [problem4_ppo_mask/run_all.py] [2/3] MaskablePPO training (500,000 steps) ...
[2026-06-19 01:05:27] [problem4_ppo_mask/run_all.py]   Using DummyVecEnv: n_envs=40
[2026-06-19 01:12:40] [problem4_ppo_mask/run_all.py]   [train] step=200,000/500,000 ( 40.0%) | eps=20840 | steps/s=463
[2026-06-19 01:20:03] [problem4_ppo_mask/run_all.py]   [train] step=400,000/500,000 ( 80.0%) | eps=40843 | steps/s=457
[2026-06-19 01:23:54] [problem4_ppo_mask/run_all.py]   Training done  1106.1s | 51025 eps | AR(last50)=0.6267 | placed(last50)=10.0/10
[2026-06-19 01:23:54] [problem4_ppo_mask/run_all.py]   Model saved -> /home/soar009/github/my_code/old-research-code/ecu_gt_svc_p/problem4_ppo_mask/results/maskppo_p4_model.zip
[2026-06-19 01:23:54] [problem4_ppo_mask/run_all.py] 
[2026-06-19 01:23:54] [problem4_ppo_mask/run_all.py] [3/3] MaskablePPO evaluation (40 episodes, deterministic) ...
[2026-06-19 01:23:55] [problem4_ppo_mask/run_all.py]   PPO AR  mean=0.6191  std=0.0684
[2026-06-19 01:23:55] [problem4_ppo_mask/run_all.py]   Placed/ep  mean=10.0/10
[2026-06-19 01:23:55] [problem4_ppo_mask/run_all.py] 
[2026-06-19 01:23:55] [problem4_ppo_mask/run_all.py] ==================================================================
[2026-06-19 01:23:55] [problem4_ppo_mask/run_all.py]   Method                       AR (mean+/-std)          Placed     Viol
[2026-06-19 01:23:55] [problem4_ppo_mask/run_all.py]   ---------------------------- ------------------------ ---------- -----
[2026-06-19 01:23:55] [problem4_ppo_mask/run_all.py]   ILP (Optimal)                0.6337 +/- 0.0000       10/10      0
[2026-06-19 01:23:55] [problem4_ppo_mask/run_all.py]   MaskablePPO (P4)             0.6191 +/- 0.0684     10.0/10    0
[2026-06-19 01:23:55] [problem4_ppo_mask/run_all.py] ==================================================================
[2026-06-19 01:23:55] [problem4_ppo_mask/run_all.py] 
[2026-06-19 01:23:55] [problem4_ppo_mask/run_all.py]   JSON saved -> /home/soar009/github/my_code/old-research-code/ecu_gt_svc_p/problem4_ppo_mask/results/20260619_012355/results.json
[2026-06-19 01:23:55] [problem4_ppo_mask/run_all.py]   CSV  saved -> /home/soar009/github/my_code/old-research-code/ecu_gt_svc_p/problem4_ppo_mask/results/20260619_012355/summary.csv
[2026-06-19 01:23:56] [problem4_ppo_mask/run_all.py]   Saved -> /home/soar009/github/my_code/old-research-code/ecu_gt_svc_p/problem4_ppo_mask/results/20260619_012355/training_curve.png
[2026-06-19 01:23:57] [problem4_ppo_mask/run_all.py]   Saved -> /home/soar009/github/my_code/old-research-code/ecu_gt_svc_p/problem4_ppo_mask/results/20260619_012355/comparison.png
[2026-06-19 01:23:57] [problem4_ppo_mask/run_all.py] 
[2026-06-19 01:23:57] [problem4_ppo_mask/run_all.py] All done! Output files:
[2026-06-19 01:23:57] [problem4_ppo_mask/run_all.py]   /home/soar009/github/my_code/old-research-code/ecu_gt_svc_p/problem4_ppo_mask/results/20260619_012355/training_curve.png
[2026-06-19 01:23:57] [problem4_ppo_mask/run_all.py]   /home/soar009/github/my_code/old-research-code/ecu_gt_svc_p/problem4_ppo_mask/results/20260619_012355/comparison.png
[2026-06-19 01:23:57] [problem4_ppo_mask/run_all.py]   /home/soar009/github/my_code/old-research-code/ecu_gt_svc_p/problem4_ppo_mask/results/20260619_012355/results.json
[2026-06-19 01:23:57] [problem4_ppo_mask/run_all.py]   /home/soar009/github/my_code/old-research-code/ecu_gt_svc_p/problem4_ppo_mask/results/20260619_012355/summary.csv
[2026-06-19 01:23:57] [problem4_ppo_mask/run_all.py] 
[2026-06-19 01:23:57] [problem4_ppo_mask/run_all.py] 
[2026-06-19 01:23:57] [problem4_ppo_mask/run_all.py] [timer] main finished in 18m 49.1s [2026-06-19 01:23:57]
=== Finished problem4_ppo_mask/run_all.py in 1136.7s [2026-06-19 01:23:58] ===

=== Running problem5_ppo_lagrangian/run_all.py [2026-06-19 01:23:58] ===

[2026-06-19 01:24:04] [problem5_ppo_lagrangian/run_all.py] [timer] main started at 2026-06-19 01:24:04
[2026-06-19 01:24:04] [problem5_ppo_lagrangian/run_all.py] [override] TOTAL_STEPS=500,000
[2026-06-19 01:24:04] [problem5_ppo_lagrangian/run_all.py] 
[2026-06-19 01:24:04] [problem5_ppo_lagrangian/run_all.py] ============================================================
[2026-06-19 01:24:04] [problem5_ppo_lagrangian/run_all.py]   P5 run.py  —  Lagrangian Constraint Relaxation
[2026-06-19 01:24:04] [problem5_ppo_lagrangian/run_all.py]   Config : config_ecu_gt_svc.yaml  |  train=160/test=40  |  prototype idx=0
[2026-06-19 01:24:04] [problem5_ppo_lagrangian/run_all.py]   λ_init=0.0  lr=0.005  target=0.0  max=10.0
[2026-06-19 01:24:04] [problem5_ppo_lagrangian/run_all.py]   CPU cores detected: 56  →  configured parallel envs: 16
[2026-06-19 01:24:04] [problem5_ppo_lagrangian/run_all.py] ============================================================
[2026-06-19 01:24:04] [problem5_ppo_lagrangian/run_all.py] 
[2026-06-19 01:24:07] [problem5_ppo_lagrangian/run_all.py] Loaded scenario pool: All 200 Scenarios  |  N=15 ECUs  M=10 SVCs
[2026-06-19 01:24:07] [problem5_ppo_lagrangian/run_all.py]   Prototype scenario: Scenario 1 (idx=0)
[2026-06-19 01:24:07] [problem5_ppo_lagrangian/run_all.py]   Prototype ECU capacities : [195, 185, 55, 85, 170, 100, 50, 65, 190, 95, 155, 125, 70, 75, 165]
[2026-06-19 01:24:07] [problem5_ppo_lagrangian/run_all.py]   Prototype SVC requirements: [80, 90, 55, 25, 70, 95, 85, 30, 35, 60]
[2026-06-19 01:24:07] [problem5_ppo_lagrangian/run_all.py] 
[2026-06-19 01:24:07] [problem5_ppo_lagrangian/run_all.py] [Feasibility Check]
[2026-06-19 01:24:23] [problem5_ppo_lagrangian/run_all.py]   Train: 160/160 feasible, 0 infeasible (idx: [])
[2026-06-19 01:24:23] [problem5_ppo_lagrangian/run_all.py]   Test:  40/40 feasible, 0 infeasible (idx: [])
[2026-06-19 01:24:23] [problem5_ppo_lagrangian/run_all.py] 
[2026-06-19 01:24:23] [problem5_ppo_lagrangian/run_all.py] [1/3] Solving ILP for 40 test scenarios ...
[2026-06-19 01:24:23] [problem5_ppo_lagrangian/run_all.py]     [cache] Loaded ILP results from /home/soar009/github/my_code/old-research-code/ecu_gt_svc_p/problem5_ppo_lagrangian/results/ilp_cache.json
[2026-06-19 01:24:23] [problem5_ppo_lagrangian/run_all.py]   ILP mean AR across 40 test scenarios: 0.6137
[2026-06-19 01:24:23] [problem5_ppo_lagrangian/run_all.py] 
[2026-06-19 01:24:23] [problem5_ppo_lagrangian/run_all.py] [2/3] Lagrangian PPO training (500,000 steps, 16 envs) ...
[2026-06-19 01:24:23] [problem5_ppo_lagrangian/run_all.py]   Using DummyVecEnv: n_envs=16
[2026-06-19 01:42:13] [problem5_ppo_lagrangian/run_all.py]   [train] step=200,000/500,000 ( 40.0%) | eps=20000 | steps/s=187 | lambda=0.7592
[2026-06-19 01:44:20] [problem5_ppo_lagrangian/run_all.py]   [train] step=400,000/500,000 ( 80.0%) | eps=40000 | steps/s=335 | lambda=0.7977
[2026-06-19 01:45:33] [problem5_ppo_lagrangian/run_all.py]   Training done  1267.4s | 50784 episodes | AR(last50)=0.6010 | viol(last50)=0.0000 | final λ=0.8109
[2026-06-19 01:45:33] [problem5_ppo_lagrangian/run_all.py]   Model saved -> /home/soar009/github/my_code/old-research-code/ecu_gt_svc_p/problem5_ppo_lagrangian/results/lagrange_ppo_model.zip
[2026-06-19 01:45:33] [problem5_ppo_lagrangian/run_all.py] 
[2026-06-19 01:45:33] [problem5_ppo_lagrangian/run_all.py] [3/3] Lagrangian PPO evaluation (40 episodes, deterministic) ...
[2026-06-19 01:45:33] [problem5_ppo_lagrangian/run_all.py]   PPO  AR mean=0.6188  Eval conflict viol=0.00%
[2026-06-19 01:45:33] [problem5_ppo_lagrangian/run_all.py] 
[2026-06-19 01:45:33] [problem5_ppo_lagrangian/run_all.py] ========================================================================
[2026-06-19 01:45:33] [problem5_ppo_lagrangian/run_all.py]   Method                       AR mean±std              ConflictViol%  Placed
[2026-06-19 01:45:33] [problem5_ppo_lagrangian/run_all.py]   ---------------------------- ------------------------ -------------- --------
[2026-06-19 01:45:33] [problem5_ppo_lagrangian/run_all.py]   ILP (Optimal)                0.6137 ± 0.0000        0.00%          10/10
[2026-06-19 01:45:33] [problem5_ppo_lagrangian/run_all.py]   Lagrange PPO                 0.6188 ± 0.0674     0.00%        10/10
[2026-06-19 01:45:33] [problem5_ppo_lagrangian/run_all.py]   Final λ = 0.8109
[2026-06-19 01:45:33] [problem5_ppo_lagrangian/run_all.py] ========================================================================
[2026-06-19 01:45:33] [problem5_ppo_lagrangian/run_all.py] 
[2026-06-19 01:45:33] [problem5_ppo_lagrangian/run_all.py]   JSON saved -> /home/soar009/github/my_code/old-research-code/ecu_gt_svc_p/problem5_ppo_lagrangian/results/20260619_014533/results.json
[2026-06-19 01:45:33] [problem5_ppo_lagrangian/run_all.py]   CSV  saved -> /home/soar009/github/my_code/old-research-code/ecu_gt_svc_p/problem5_ppo_lagrangian/results/20260619_014533/summary.csv
[2026-06-19 01:45:34] [problem5_ppo_lagrangian/run_all.py]   Saved -> /home/soar009/github/my_code/old-research-code/ecu_gt_svc_p/problem5_ppo_lagrangian/results/20260619_014533/training_curve.png
[2026-06-19 01:45:34] [problem5_ppo_lagrangian/run_all.py]   Saved -> /home/soar009/github/my_code/old-research-code/ecu_gt_svc_p/problem5_ppo_lagrangian/results/20260619_014533/comparison.png
[2026-06-19 01:45:34] [problem5_ppo_lagrangian/run_all.py] 
[2026-06-19 01:45:34] [problem5_ppo_lagrangian/run_all.py] All done! Output files:
[2026-06-19 01:45:34] [problem5_ppo_lagrangian/run_all.py]   /home/soar009/github/my_code/old-research-code/ecu_gt_svc_p/problem5_ppo_lagrangian/results/20260619_014533/training_curve.png
[2026-06-19 01:45:34] [problem5_ppo_lagrangian/run_all.py]   /home/soar009/github/my_code/old-research-code/ecu_gt_svc_p/problem5_ppo_lagrangian/results/20260619_014533/comparison.png
[2026-06-19 01:45:34] [problem5_ppo_lagrangian/run_all.py]   /home/soar009/github/my_code/old-research-code/ecu_gt_svc_p/problem5_ppo_lagrangian/results/20260619_014533/results.json
[2026-06-19 01:45:34] [problem5_ppo_lagrangian/run_all.py]   /home/soar009/github/my_code/old-research-code/ecu_gt_svc_p/problem5_ppo_lagrangian/results/20260619_014533/summary.csv
[2026-06-19 01:45:34] [problem5_ppo_lagrangian/run_all.py] 
[2026-06-19 01:45:34] [problem5_ppo_lagrangian/run_all.py] 
[2026-06-19 01:45:34] [problem5_ppo_lagrangian/run_all.py] [timer] main finished in 21m 29.6s [2026-06-19 01:45:34]
=== Finished problem5_ppo_lagrangian/run_all.py in 1296.7s [2026-06-19 01:45:35] ===

=== Running problem6_ppo_opt/run_all.py [2026-06-19 01:45:35] ===

[2026-06-19 01:45:39] [problem6_ppo_opt/run_all.py] [timer] main started at 2026-06-19 01:45:39
[2026-06-19 01:45:39] [problem6_ppo_opt/run_all.py] [override] TOTAL_STEPS=500,000
[2026-06-19 01:45:39] [problem6_ppo_opt/run_all.py] 
[2026-06-19 01:45:39] [problem6_ppo_opt/run_all.py] ============================================================
[2026-06-19 01:45:39] [problem6_ppo_opt/run_all.py]   P6 run_all.py  —  PPO + Best-fit Repair Heuristic
[2026-06-19 01:45:39] [problem6_ppo_opt/run_all.py]   Config : config_ecu_gt_svc.yaml  |  train=160/test=40  |  prototype idx=0
[2026-06-19 01:45:39] [problem6_ppo_opt/run_all.py] ============================================================
[2026-06-19 01:45:39] [problem6_ppo_opt/run_all.py] 
[2026-06-19 01:45:39] [problem6_ppo_opt/run_all.py] [CPU] No CUDA GPU, using CPU
[2026-06-19 01:45:40] [problem6_ppo_opt/run_all.py] Loaded scenario pool: All 200 Scenarios  |  N=15 ECUs  M=10 SVCs
[2026-06-19 01:45:40] [problem6_ppo_opt/run_all.py]   Prototype scenario: Scenario 1 (idx=0)
[2026-06-19 01:45:40] [problem6_ppo_opt/run_all.py]   Prototype ECU capacities : [195, 185, 55, 85, 170, 100, 50, 65, 190, 95, 155, 125, 70, 75, 165]
[2026-06-19 01:45:40] [problem6_ppo_opt/run_all.py]   Prototype SVC requirements: [80, 90, 55, 25, 70, 95, 85, 30, 35, 60]
[2026-06-19 01:45:40] [problem6_ppo_opt/run_all.py] 
[2026-06-19 01:45:40] [problem6_ppo_opt/run_all.py] [Feasibility Check]
[2026-06-19 01:45:51] [problem6_ppo_opt/run_all.py]   Train: 160/160 feasible, 0 infeasible (idx: [])
[2026-06-19 01:45:51] [problem6_ppo_opt/run_all.py]   Test:  40/40 feasible, 0 infeasible (idx: [])
[2026-06-19 01:45:51] [problem6_ppo_opt/run_all.py] 
[2026-06-19 01:45:51] [problem6_ppo_opt/run_all.py] [1/3] Solving ILP for 40 test scenarios ...
[2026-06-19 01:45:51] [problem6_ppo_opt/run_all.py]     [cache] Loaded ILP results from /home/soar009/github/my_code/old-research-code/ecu_gt_svc_p/problem6_ppo_opt/results/ilp_cache.json
[2026-06-19 01:45:51] [problem6_ppo_opt/run_all.py]   ILP mean AR across 40 test scenarios: 0.6337
[2026-06-19 01:45:51] [problem6_ppo_opt/run_all.py] 
[2026-06-19 01:45:51] [problem6_ppo_opt/run_all.py] [2/3] PPO training (500,000 steps) ...
[2026-06-19 01:45:51] [problem6_ppo_opt/run_all.py]   Using DummyVecEnv: n_envs=40
[2026-06-19 01:47:47] [problem6_ppo_opt/run_all.py]   [train] step=200,000/500,000 ( 40.0%) | eps=20000 | steps/s=1,749
[2026-06-19 01:49:32] [problem6_ppo_opt/run_all.py]   [train] step=400,000/500,000 ( 80.0%) | eps=40000 | steps/s=1,823
[2026-06-19 01:50:24] [problem6_ppo_opt/run_all.py]   Training done  271.8s | 50160 episodes | AR(last50)=0.6215
[2026-06-19 01:50:24] [problem6_ppo_opt/run_all.py]   Model saved → /home/soar009/github/my_code/old-research-code/ecu_gt_svc_p/problem6_ppo_opt/results/ppo_p6_model.zip
[2026-06-19 01:50:24] [problem6_ppo_opt/run_all.py] 
[2026-06-19 01:50:24] [problem6_ppo_opt/run_all.py] [3/3] PPO evaluation (40 episodes, deterministic) ...
[2026-06-19 01:50:25] [problem6_ppo_opt/run_all.py]   PPO AR           mean=0.6228  std=0.0676
[2026-06-19 01:50:25] [problem6_ppo_opt/run_all.py]   Repair rate      mean=1.25%
[2026-06-19 01:50:25] [problem6_ppo_opt/run_all.py]   Cap violations   total=5  (repaired by best-fit)
[2026-06-19 01:50:25] [problem6_ppo_opt/run_all.py]   Conflict violations total=0  (repaired by best-fit)
[2026-06-19 01:50:25] [problem6_ppo_opt/run_all.py] 
[2026-06-19 01:50:25] [problem6_ppo_opt/run_all.py] ==============================================================
[2026-06-19 01:50:25] [problem6_ppo_opt/run_all.py]   Method                   AR (mean±std)          RepairRate
[2026-06-19 01:50:25] [problem6_ppo_opt/run_all.py]   ------------------------ ---------------------- ----------
[2026-06-19 01:50:25] [problem6_ppo_opt/run_all.py]   ILP (Optimal)            0.6337 ± 0.0000       0           cap=0   conf=0
[2026-06-19 01:50:25] [problem6_ppo_opt/run_all.py]   PPO+Repair (P6)          0.6228 ± 0.0676     1.25%       cap=5  conf=0
[2026-06-19 01:50:25] [problem6_ppo_opt/run_all.py] ==============================================================
[2026-06-19 01:50:25] [problem6_ppo_opt/run_all.py] 
[2026-06-19 01:50:25] [problem6_ppo_opt/run_all.py]   JSON saved → /home/soar009/github/my_code/old-research-code/ecu_gt_svc_p/problem6_ppo_opt/results/20260619_015025/results.json
[2026-06-19 01:50:25] [problem6_ppo_opt/run_all.py]   CSV  saved → /home/soar009/github/my_code/old-research-code/ecu_gt_svc_p/problem6_ppo_opt/results/20260619_015025/summary.csv
[2026-06-19 01:50:25] [problem6_ppo_opt/run_all.py]   Saved → /home/soar009/github/my_code/old-research-code/ecu_gt_svc_p/problem6_ppo_opt/results/20260619_015025/training_curve.png
[2026-06-19 01:50:26] [problem6_ppo_opt/run_all.py]   Saved → /home/soar009/github/my_code/old-research-code/ecu_gt_svc_p/problem6_ppo_opt/results/20260619_015025/comparison.png
[2026-06-19 01:50:26] [problem6_ppo_opt/run_all.py] 
[2026-06-19 01:50:26] [problem6_ppo_opt/run_all.py] All done! Output files:
[2026-06-19 01:50:26] [problem6_ppo_opt/run_all.py]   /home/soar009/github/my_code/old-research-code/ecu_gt_svc_p/problem6_ppo_opt/results/20260619_015025/training_curve.png
[2026-06-19 01:50:26] [problem6_ppo_opt/run_all.py]   /home/soar009/github/my_code/old-research-code/ecu_gt_svc_p/problem6_ppo_opt/results/20260619_015025/comparison.png
[2026-06-19 01:50:26] [problem6_ppo_opt/run_all.py]   /home/soar009/github/my_code/old-research-code/ecu_gt_svc_p/problem6_ppo_opt/results/20260619_015025/results.json
[2026-06-19 01:50:26] [problem6_ppo_opt/run_all.py]   /home/soar009/github/my_code/old-research-code/ecu_gt_svc_p/problem6_ppo_opt/results/20260619_015025/summary.csv
[2026-06-19 01:50:26] [problem6_ppo_opt/run_all.py] 
[2026-06-19 01:50:26] [problem6_ppo_opt/run_all.py] 
[2026-06-19 01:50:26] [problem6_ppo_opt/run_all.py] [timer] main finished in 4m 47.4s [2026-06-19 01:50:26]
=== Finished problem6_ppo_opt/run_all.py in 291.9s [2026-06-19 01:50:27] ===

=== Running problem_dqn/run_all.py [2026-06-19 01:50:27] ===

[2026-06-19 01:50:31] [problem_dqn/run_all.py] [timer] main started at 2026-06-19 01:50:31
[2026-06-19 01:50:31] [problem_dqn/run_all.py] [override] TOTAL_STEPS=500,000
[2026-06-19 01:50:31] [problem_dqn/run_all.py] 
[2026-06-19 01:50:31] [problem_dqn/run_all.py] ============================================================
[2026-06-19 01:50:31] [problem_dqn/run_all.py]   DQN run_all.py  —  RL WITHOUT action masking
[2026-06-19 01:50:31] [problem_dqn/run_all.py]   Violation → reward=-1, episode terminates immediately.
[2026-06-19 01:50:31] [problem_dqn/run_all.py]   Config : config_ecu_gt_svc.yaml  |  train=160/test=40  |  prototype idx=0
[2026-06-19 01:50:31] [problem_dqn/run_all.py] ============================================================
[2026-06-19 01:50:31] [problem_dqn/run_all.py] 
[2026-06-19 01:50:31] [problem_dqn/run_all.py] [CPU] No CUDA GPU, using CPU
[2026-06-19 01:50:32] [problem_dqn/run_all.py] Loaded scenario pool: All 200 Scenarios  |  N=15 ECUs  M=10 SVCs
[2026-06-19 01:50:32] [problem_dqn/run_all.py]   Prototype scenario: Scenario 1 (idx=0)
[2026-06-19 01:50:32] [problem_dqn/run_all.py]   Prototype ECU capacities : [195, 185, 55, 85, 170, 100, 50, 65, 190, 95, 155, 125, 70, 75, 165]
[2026-06-19 01:50:32] [problem_dqn/run_all.py]   Prototype SVC requirements: [80, 90, 55, 25, 70, 95, 85, 30, 35, 60]
[2026-06-19 01:50:32] [problem_dqn/run_all.py] 
[2026-06-19 01:50:32] [problem_dqn/run_all.py] [Feasibility Check]
[2026-06-19 01:50:44] [problem_dqn/run_all.py]   Train: 160/160 feasible, 0 infeasible (idx: [])
[2026-06-19 01:50:44] [problem_dqn/run_all.py]   Test:  40/40 feasible, 0 infeasible (idx: [])
[2026-06-19 01:50:44] [problem_dqn/run_all.py] 
[2026-06-19 01:50:44] [problem_dqn/run_all.py] [1/3] Solving ILP for 40 test scenarios ...
[2026-06-19 01:50:44] [problem_dqn/run_all.py]     [cache] Loaded ILP results from /home/soar009/github/my_code/old-research-code/ecu_gt_svc_p/problem_dqn/results/ilp_cache.json
[2026-06-19 01:50:44] [problem_dqn/run_all.py]   ILP mean AR across 40 test scenarios: 0.6337
[2026-06-19 01:50:44] [problem_dqn/run_all.py] 
[2026-06-19 01:50:44] [problem_dqn/run_all.py] [2/3] DQN training (500,000 steps) ...
[2026-06-19 01:50:44] [problem_dqn/run_all.py]   Using DummyVecEnv: n_envs=12
[2026-06-19 01:51:23] [problem_dqn/run_all.py]   [train] step=200,004/500,000 ( 40.0%) | eps=19992 | steps/s=5,262
[2026-06-19 01:52:04] [problem_dqn/run_all.py]   [train] step=400,008/500,000 ( 80.0%) | eps=39996 | steps/s=5,031
[2026-06-19 01:52:25] [problem_dqn/run_all.py]   Training done  99.9s | 49992 eps | reward(last50)=6.5797 | AR(last50)=0.5996 | viol_rate(last50)=0.00%
[2026-06-19 01:52:25] [problem_dqn/run_all.py]   Model saved -> /home/soar009/github/my_code/old-research-code/ecu_gt_svc_p/problem_dqn/results/20260619_015031/dqn_model.zip
[2026-06-19 01:52:25] [problem_dqn/run_all.py] 
[2026-06-19 01:52:25] [problem_dqn/run_all.py] [3/3] DQN evaluation (40 episodes, deterministic) ...
[2026-06-19 01:52:25] [problem_dqn/run_all.py]   DQN AR  mean=0.6056  std=0.0698
[2026-06-19 01:52:25] [problem_dqn/run_all.py]   Placed/ep  mean=10.0/10
[2026-06-19 01:52:25] [problem_dqn/run_all.py]   Eval viol rate  0.00%
[2026-06-19 01:52:25] [problem_dqn/run_all.py] 
[2026-06-19 01:52:25] [problem_dqn/run_all.py] ====================================================================
[2026-06-19 01:52:25] [problem_dqn/run_all.py]   Method                   AR (mean+/-std)        Placed     Viol%
[2026-06-19 01:52:25] [problem_dqn/run_all.py]   ------------------------ ---------------------- ---------- ------
[2026-06-19 01:52:25] [problem_dqn/run_all.py]   ILP (Optimal)            0.6337 +/- 0.0000     10/10     0%
[2026-06-19 01:52:25] [problem_dqn/run_all.py]   DQN (no mask)            0.6056 +/- 0.0698     10.0/10   0%
[2026-06-19 01:52:25] [problem_dqn/run_all.py] ====================================================================
[2026-06-19 01:52:25] [problem_dqn/run_all.py] 
[2026-06-19 01:52:25] [problem_dqn/run_all.py]   JSON saved -> /home/soar009/github/my_code/old-research-code/ecu_gt_svc_p/problem_dqn/results/20260619_015031/results.json
[2026-06-19 01:52:25] [problem_dqn/run_all.py]   CSV  saved -> /home/soar009/github/my_code/old-research-code/ecu_gt_svc_p/problem_dqn/results/20260619_015031/summary.csv
[2026-06-19 01:52:26] [problem_dqn/run_all.py]   Saved -> /home/soar009/github/my_code/old-research-code/ecu_gt_svc_p/problem_dqn/results/20260619_015031/training_curve.png
[2026-06-19 01:52:26] [problem_dqn/run_all.py]   Saved -> /home/soar009/github/my_code/old-research-code/ecu_gt_svc_p/problem_dqn/results/20260619_015031/comparison.png
[2026-06-19 01:52:26] [problem_dqn/run_all.py] 
[2026-06-19 01:52:26] [problem_dqn/run_all.py] All done! Output files:
[2026-06-19 01:52:26] [problem_dqn/run_all.py]   /home/soar009/github/my_code/old-research-code/ecu_gt_svc_p/problem_dqn/results/20260619_015031/training_curve.png
[2026-06-19 01:52:26] [problem_dqn/run_all.py]   /home/soar009/github/my_code/old-research-code/ecu_gt_svc_p/problem_dqn/results/20260619_015031/comparison.png
[2026-06-19 01:52:26] [problem_dqn/run_all.py]   /home/soar009/github/my_code/old-research-code/ecu_gt_svc_p/problem_dqn/results/20260619_015031/results.json
[2026-06-19 01:52:26] [problem_dqn/run_all.py]   /home/soar009/github/my_code/old-research-code/ecu_gt_svc_p/problem_dqn/results/20260619_015031/summary.csv
[2026-06-19 01:52:26] [problem_dqn/run_all.py] 
[2026-06-19 01:52:26] [problem_dqn/run_all.py] 
[2026-06-19 01:52:26] [problem_dqn/run_all.py] [timer] main finished in 1m 55.6s [2026-06-19 01:52:26]
=== Finished problem_dqn/run_all.py in 120.3s [2026-06-19 01:52:27] ===

=== Running problem_ddqn/run_all.py [2026-06-19 01:52:27] ===

[2026-06-19 01:52:31] [problem_ddqn/run_all.py] [timer] main started at 2026-06-19 01:52:31
[2026-06-19 01:52:31] [problem_ddqn/run_all.py] [override] TOTAL_STEPS=500,000
[2026-06-19 01:52:31] [problem_ddqn/run_all.py] 
[2026-06-19 01:52:31] [problem_ddqn/run_all.py] ============================================================
[2026-06-19 01:52:31] [problem_ddqn/run_all.py]   DDQN run_all.py  — RL WITHOUT action masking
[2026-06-19 01:52:31] [problem_ddqn/run_all.py]   Violation → reward=-1, episode terminates immediately.
[2026-06-19 01:52:31] [problem_ddqn/run_all.py]   Config : config_ecu_gt_svc.yaml  |  train=160/test=40  |  prototype idx=0
[2026-06-19 01:52:31] [problem_ddqn/run_all.py] ============================================================
[2026-06-19 01:52:31] [problem_ddqn/run_all.py] 
[2026-06-19 01:52:31] [problem_ddqn/run_all.py] [CPU] No CUDA GPU, using CPU
[2026-06-19 01:52:32] [problem_ddqn/run_all.py] Loaded scenario pool: All 200 Scenarios  |  N=15 ECUs  M=10 SVCs
[2026-06-19 01:52:32] [problem_ddqn/run_all.py]   Prototype scenario: Scenario 1 (idx=0)
[2026-06-19 01:52:32] [problem_ddqn/run_all.py]   Prototype ECU capacities : [195, 185, 55, 85, 170, 100, 50, 65, 190, 95, 155, 125, 70, 75, 165]
[2026-06-19 01:52:32] [problem_ddqn/run_all.py]   Prototype SVC requirements: [80, 90, 55, 25, 70, 95, 85, 30, 35, 60]
[2026-06-19 01:52:32] [problem_ddqn/run_all.py] 
[2026-06-19 01:52:32] [problem_ddqn/run_all.py] [Feasibility Check]
[2026-06-19 01:52:42] [problem_ddqn/run_all.py]   Train: 160/160 feasible, 0 infeasible (idx: [])
[2026-06-19 01:52:42] [problem_ddqn/run_all.py]   Test:  40/40 feasible, 0 infeasible (idx: [])
[2026-06-19 01:52:42] [problem_ddqn/run_all.py] 
[2026-06-19 01:52:42] [problem_ddqn/run_all.py] [1/3] Solving ILP for 40 test scenarios ...
[2026-06-19 01:52:42] [problem_ddqn/run_all.py]     [cache] Loaded ILP results from /home/soar009/github/my_code/old-research-code/ecu_gt_svc_p/problem_ddqn/results/ilp_cache.json
[2026-06-19 01:52:42] [problem_ddqn/run_all.py]   ILP mean AR across 40 test scenarios: 0.6337
[2026-06-19 01:52:42] [problem_ddqn/run_all.py] 
[2026-06-19 01:52:42] [problem_ddqn/run_all.py] [2/3] DDQN training (500,000 steps) ...
[2026-06-19 01:52:42] [problem_ddqn/run_all.py]   Using DummyVecEnv: n_envs=12
[2026-06-19 01:53:23] [problem_ddqn/run_all.py]   [train] step=200,004/500,000 ( 40.0%) | eps=19992 | steps/s=4,965
[2026-06-19 01:54:07] [problem_ddqn/run_all.py]   [train] step=400,008/500,000 ( 80.0%) | eps=39996 | steps/s=4,757
[2026-06-19 01:54:27] [problem_ddqn/run_all.py]   DDQN Training done  104.5s | 49992 eps | reward(last50)=6.6293 | AR(last50)=0.6041 | viol_rate(last50)=0.00%
[2026-06-19 01:54:28] [problem_ddqn/run_all.py]   Model saved -> /home/soar009/github/my_code/old-research-code/ecu_gt_svc_p/problem_ddqn/results/20260619_015231/ddqn_model.zip
[2026-06-19 01:54:28] [problem_ddqn/run_all.py] 
[2026-06-19 01:54:28] [problem_ddqn/run_all.py] [3/3] DDQN evaluation (40 episodes, deterministic) ...
[2026-06-19 01:54:28] [problem_ddqn/run_all.py]   DDQN AR  mean=0.6129  std=0.0684
[2026-06-19 01:54:28] [problem_ddqn/run_all.py]   Placed/ep  mean=10.0/10
[2026-06-19 01:54:28] [problem_ddqn/run_all.py]   Eval viol rate  0.00%
[2026-06-19 01:54:28] [problem_ddqn/run_all.py] 
[2026-06-19 01:54:28] [problem_ddqn/run_all.py] ====================================================================
[2026-06-19 01:54:28] [problem_ddqn/run_all.py]   Method                   AR (mean+/-std)        Placed     Viol%
[2026-06-19 01:54:28] [problem_ddqn/run_all.py]   ------------------------ ---------------------- ---------- ------
[2026-06-19 01:54:28] [problem_ddqn/run_all.py]   ILP (Optimal)            0.6337 +/- 0.0000     10/10     0%
[2026-06-19 01:54:28] [problem_ddqn/run_all.py]   DDQN (no mask)           0.6129 +/- 0.0684   10.0/10   0.0%
[2026-06-19 01:54:28] [problem_ddqn/run_all.py] ====================================================================
[2026-06-19 01:54:28] [problem_ddqn/run_all.py] 
[2026-06-19 01:54:28] [problem_ddqn/run_all.py]   JSON saved -> /home/soar009/github/my_code/old-research-code/ecu_gt_svc_p/problem_ddqn/results/20260619_015231/results.json
[2026-06-19 01:54:28] [problem_ddqn/run_all.py]   CSV  saved -> /home/soar009/github/my_code/old-research-code/ecu_gt_svc_p/problem_ddqn/results/20260619_015231/summary.csv
[2026-06-19 01:54:29] [problem_ddqn/run_all.py]   Saved -> /home/soar009/github/my_code/old-research-code/ecu_gt_svc_p/problem_ddqn/results/20260619_015231/training_curve.png
[2026-06-19 01:54:29] [problem_ddqn/run_all.py]   Saved -> /home/soar009/github/my_code/old-research-code/ecu_gt_svc_p/problem_ddqn/results/20260619_015231/comparison.png
[2026-06-19 01:54:29] [problem_ddqn/run_all.py] 
[2026-06-19 01:54:29] [problem_ddqn/run_all.py] All done! Output files:
[2026-06-19 01:54:29] [problem_ddqn/run_all.py]   /home/soar009/github/my_code/old-research-code/ecu_gt_svc_p/problem_ddqn/results/20260619_015231/training_curve.png
[2026-06-19 01:54:29] [problem_ddqn/run_all.py]   /home/soar009/github/my_code/old-research-code/ecu_gt_svc_p/problem_ddqn/results/20260619_015231/comparison.png
[2026-06-19 01:54:29] [problem_ddqn/run_all.py]   /home/soar009/github/my_code/old-research-code/ecu_gt_svc_p/problem_ddqn/results/20260619_015231/results.json
[2026-06-19 01:54:29] [problem_ddqn/run_all.py]   /home/soar009/github/my_code/old-research-code/ecu_gt_svc_p/problem_ddqn/results/20260619_015231/summary.csv
[2026-06-19 01:54:29] [problem_ddqn/run_all.py] 
[2026-06-19 01:54:29] [problem_ddqn/run_all.py] 
[2026-06-19 01:54:29] [problem_ddqn/run_all.py] [timer] main finished in 1m 58.3s [2026-06-19 01:54:29]
=== Finished problem_ddqn/run_all.py in 122.7s [2026-06-19 01:54:30] ===

[timer] main finished in 67m 34.6s [2026-06-19 01:54:30]
All runs completed.
Base path: /home/soar009/github/my_code/old-research-code/ecu_gt_svc_p
Starting all problem runs...
Copied /home/soar009/github/my_code/old-research-code/ecu_gt_svc_p/problem3_ppo/results/20260619_010458/summary.csv to /home/soar009/github/my_code/old-research-code/ecu_gt_svc_p/run_scripts/results_combined/problem3_ppo/summary.csv
Copied /home/soar009/github/my_code/old-research-code/ecu_gt_svc_p/problem4_ppo_mask/results/20260619_012355/summary.csv to /home/soar009/github/my_code/old-research-code/ecu_gt_svc_p/run_scripts/results_combined/problem4_ppo_mask/summary.csv
Copied /home/soar009/github/my_code/old-research-code/ecu_gt_svc_p/problem5_ppo_lagrangian/results/20260619_014533/summary.csv to /home/soar009/github/my_code/old-research-code/ecu_gt_svc_p/run_scripts/results_combined/problem5_ppo_lagrangian/summary.csv
Copied /home/soar009/github/my_code/old-research-code/ecu_gt_svc_p/problem6_ppo_opt/results/20260619_015025/summary.csv to /home/soar009/github/my_code/old-research-code/ecu_gt_svc_p/run_scripts/results_combined/problem6_ppo_opt/summary.csv
Copied /home/soar009/github/my_code/old-research-code/ecu_gt_svc_p/problem_dqn/results/20260619_015031/summary.csv to /home/soar009/github/my_code/old-research-code/ecu_gt_svc_p/run_scripts/results_combined/problem_dqn/summary.csv
Copied /home/soar009/github/my_code/old-research-code/ecu_gt_svc_p/problem_ddqn/results/20260619_015231/summary.csv to /home/soar009/github/my_code/old-research-code/ecu_gt_svc_p/run_scripts/results_combined/problem_ddqn/summary.csv

All files copied to results_combined. You can now run combined.py to aggregate and plot the results.

===== Combined Summary =====
        problem               method  ar_mean  ar_std  placed_mean  viol_rate  cap_viol_total  conflict_viol_total
         P3 PPO        ILP (Optimal)   0.6337  0.0000      10.0000     0.0000               0                    0
         P3 PPO PPO (P3, cap masked)   0.8825  0.0544      10.0000     0.2800               0                  112
    P4 PPO-Mask        ILP (Optimal)   0.6337  0.0000      10.0000     0.0000               0                    0
    P4 PPO-Mask     MaskablePPO (P4)   0.6191  0.0684      10.0000     0.0000               0                    0
P5 PPO-Lagrange        ILP (Optimal)   0.6137  0.0000      10.0000     0.0000               0                    0
P5 PPO-Lagrange         Lagrange PPO   0.6188  0.0674      10.0000     0.0000               0                    0
     P6 PPO-Opt        ILP (Optimal)   0.6337  0.0000      10.0000        NaN               0                    0
     P6 PPO-Opt      PPO+Repair (P6)   0.6228  0.0676      10.0000        NaN               5                    0
            DQN        ILP (Optimal)   0.6337  0.0000      10.0000     0.0000               0                    0
            DQN        DQN (no mask)   0.6056  0.0698      10.0000     0.0000               0                    0
           DDQN        ILP (Optimal)   0.6337  0.0000      10.0000     0.0000               0                    0
           DDQN       DDQN (no mask)   0.6129  0.0684      10.0000     0.0000               0                    0

===== Best RL Agent per Problem =====
        problem               method  ar_mean  ar_std  placed_mean  viol_rate  cap_viol_total  conflict_viol_total
         P3 PPO PPO (P3, cap masked)   0.8825  0.0544      10.0000     0.2800               0                  112
    P4 PPO-Mask     MaskablePPO (P4)   0.6191  0.0684      10.0000     0.0000               0                    0
P5 PPO-Lagrange         Lagrange PPO   0.6188  0.0674      10.0000     0.0000               0                    0
     P6 PPO-Opt      PPO+Repair (P6)   0.6228  0.0676      10.0000        NaN               5                    0
           DDQN       DDQN (no mask)   0.6129  0.0684      10.0000     0.0000               0                    0
            DQN        DQN (no mask)   0.6056  0.0698      10.0000     0.0000               0                    0
Saved: /home/soar009/github/my_code/old-research-code/ecu_gt_svc_p/run_scripts/results_combined/combined_results.png

Done.
