[device] cpu  total_timesteps=600,000

=== DQN | constraint_mode=soft ===
  AR=0.6714  cap_viol/ep=0.12 conflict_viol/ep=1.03  (178.1s, n_test=32)

=== DQN | constraint_mode=hard ===
  AR=0.6804  cap_viol/ep=0.00 conflict_viol/ep=0.72  (196.0s, n_test=32)

=== DQN | constraint_mode=lagrange ===
  AR=0.6636  cap_viol/ep=0.22 conflict_viol/ep=0.88  (175.0s, n_test=32)

=== DDQN | constraint_mode=soft ===
  AR=0.6737  cap_viol/ep=0.06 conflict_viol/ep=1.38  (175.6s, n_test=32)

=== DDQN | constraint_mode=hard ===
  AR=0.6662  cap_viol/ep=0.00 conflict_viol/ep=0.75  (187.4s, n_test=32)

=== DDQN | constraint_mode=lagrange ===
  AR=0.6559  cap_viol/ep=0.12 conflict_viol/ep=0.81  (177.8s, n_test=32)

==========================================================================================
  Algo   Mode       AR       CapViol/ep   ConflictViol/ep  Time(s)
  ------ ---------- -------- ------------ ---------------- -------
  dqn    soft       0.6714   0.12         1.03             178.1
  dqn    hard       0.6804   0.00         0.72             196.0
  dqn    lagrange   0.6636   0.22         0.88             175.0
  ddqn   soft       0.6737   0.06         1.38             175.6
  ddqn   hard       0.6662   0.00         0.75             187.4
  ddqn   lagrange   0.6559   0.12         0.81             177.8
==========================================================================================

Saved -> /home/soar009/github/my_code/old-research-code/ecu_lt_svc_p/compare_dqn_constraints_results.json
