Starting all problem runs...
[override] total_timesteps=500000
[timer] main started at 2026-06-19 00:46:55
Base path: /home/soar009/github/my_code/old-research-code/ecu_eq_svc_p
Scheduled run: problem3_ppo/run_all.py
Scheduled run: problem4_ppo_mask/run_all.py
Scheduled run: problem5_ppo_lagrangian/run_all.py
Scheduled run: problem6_ppo_opt/run_all.py
Scheduled run: problem_dqn/run_all.py
Scheduled run: problem_ddqn/run_all.py
=== PPO/DQN Training & Evaluation for All Problems ===
Using Python interpreter at: /home/soar009/github/my_code/.venv/bin/python
All run scripts and Python interpreter found.

Checking run script existence...
All run scripts exist. Starting execution...


=== Running problem3_ppo/run_all.py [2026-06-19 00:46:55] ===

[2026-06-19 00:47:01] [problem3_ppo/run_all.py] [timer] main started at 2026-06-19 00:47:01
[2026-06-19 00:47:01] [problem3_ppo/run_all.py] [override] TOTAL_STEPS=500,000
[2026-06-19 00:47:01] [problem3_ppo/run_all.py] 
[2026-06-19 00:47:01] [problem3_ppo/run_all.py] ============================================================
[2026-06-19 00:47:01] [problem3_ppo/run_all.py]   P3 run_all.py  —  RL WITHOUT constraint enforcement
[2026-06-19 00:47:01] [problem3_ppo/run_all.py]   Config : config_ecu_eq_svc.yaml  |  train=160/test=40  |  prototype idx=0
[2026-06-19 00:47:01] [problem3_ppo/run_all.py] ============================================================
[2026-06-19 00:47:01] [problem3_ppo/run_all.py] 
[2026-06-19 00:47:01] [problem3_ppo/run_all.py] [CPU] No CUDA GPU, using CPU
[2026-06-19 00:47:03] [problem3_ppo/run_all.py] Loaded scenario pool: All 200 Scenarios  |  N=10 ECUs  M=10 SVCs
[2026-06-19 00:47:03] [problem3_ppo/run_all.py]   Prototype scenario: Scenario 1 (idx=0)
[2026-06-19 00:47:03] [problem3_ppo/run_all.py]   Prototype ECU capacities : [50, 95, 120, 155, 70, 185, 180, 110, 135, 65]
[2026-06-19 00:47:03] [problem3_ppo/run_all.py]   Prototype SVC requirements: [25, 60, 15, 20, 10, 65, 80, 95, 85, 30]
[2026-06-19 00:47:03] [problem3_ppo/run_all.py] 
[2026-06-19 00:47:03] [problem3_ppo/run_all.py] [Feasibility Check]
[2026-06-19 00:47:15] [problem3_ppo/run_all.py]   Train: 160/160 feasible, 0 infeasible (idx: [])
[2026-06-19 00:47:15] [problem3_ppo/run_all.py]   Test:  40/40 feasible, 0 infeasible (idx: [])
[2026-06-19 00:47:15] [problem3_ppo/run_all.py] 
[2026-06-19 00:47:15] [problem3_ppo/run_all.py] [1/3] Solving ILP for 40 test scenarios ...
[2026-06-19 00:47:15] [problem3_ppo/run_all.py]     [cache] Loaded ILP results from /home/soar009/github/my_code/old-research-code/ecu_eq_svc_p/problem3_ppo/results/ilp_cache.json
[2026-06-19 00:47:15] [problem3_ppo/run_all.py]   ILP mean AR across 40 test scenarios: 0.5321
[2026-06-19 00:47:15] [problem3_ppo/run_all.py] 
[2026-06-19 00:47:15] [problem3_ppo/run_all.py] [2/3] PPO training (500,000 steps) ...
[2026-06-19 00:47:15] [problem3_ppo/run_all.py]   Using DummyVecEnv: n_envs=40
[2026-06-19 00:54:18] [problem3_ppo/run_all.py]   [train] step=200,000/500,000 ( 40.0%) | eps=20000 | steps/s=474
[2026-06-19 01:01:42] [problem3_ppo/run_all.py]   [train] step=400,000/500,000 ( 80.0%) | eps=40000 | steps/s=462
[2026-06-19 01:05:18] [problem3_ppo/run_all.py]   Training done  1081.3s | 50160 episodes | AR(last50)=0.9122
[2026-06-19 01:05:18] [problem3_ppo/run_all.py]   Model saved → /home/soar009/github/my_code/old-research-code/ecu_eq_svc_p/problem3_ppo/results/ppo_p3_model.zip
[2026-06-19 01:05:18] [problem3_ppo/run_all.py] 
[2026-06-19 01:05:18] [problem3_ppo/run_all.py] [3/3] PPO evaluation (40 episodes, deterministic) ...
[2026-06-19 01:05:18] [problem3_ppo/run_all.py]   PPO AR  mean=0.8752  std=0.0599
[2026-06-19 01:05:18] [problem3_ppo/run_all.py]   Eval conflict viol rate mean=37.00%
[2026-06-19 01:05:18] [p[2026-06-19 01:06:33] [problem3_ppo/run_all.py]   [train] step=1,800,000/5,000,000 ( 36.0%) | eps=180000 | steps/s=921
[2026-06-19 01:13:38] [problem3_ppo/run_all.py]   [train] step=2,000,000/5,000,000 ( 40.0%) | eps=200000 | steps/s=840
[2026-06-19 01:20:28] [problem3_ppo/run_all.py]   [train] step=2,200,000/5,000,000 ( 44.0%) | eps=220000 | steps/s=789
[2026-06-19 01:31:40] [problem3_ppo/run_all.py]   [train] step=2,400,000/5,000,000 ( 48.0%) | eps=240000 | steps/s=693
Terminated
 01:05:18] [problem3_ppo/run_all.py]   PPO (P3, cap masked)     0.8752 ± 0.0599     37.00%    
[2026-06-19 01:05:18] [problem3_ppo/run_all.py] ==============================================================
[2026-06-19 01:05:18] [problem3_ppo/run_all.py] 
[2026-06-19 01:05:18] [problem3_ppo/run_all.py]   JSON saved → /home/soar009/github/my_code/old-research-code/ecu_eq_svc_p/problem3_ppo/results/20260619_010518/results.json
[2026-06-19 01:05:18] [problem3_ppo/run_all.py]   CSV  saved → /home/soar009/github/my_code/old-research-code/ecu_eq_svc_p/problem3_ppo/results/20260619_010518/summary.csv
[2026-06-19 01:05:19] [problem3_ppo/run_all.py]   Saved → /home/soar009/github/my_code/old-research-code/ecu_eq_svc_p/problem3_ppo/results/20260619_010518/training_curve.png
[2026-06-19 01:05:20] [problem3_ppo/run_all.py]   Saved → /home/soar009/github/my_code/old-research-code/ecu_eq_svc_p/problem3_ppo/results/20260619_010518/comparison.png
[2026-06-19 01:05:20] [problem3_ppo/run_all.py] 
[2026-06-19 01:05:20] [problem3_ppo/run_all.py] All done! Output files:
[2026-06-19 01:05:20] [problem3_ppo/run_all.py]   /home/soar009/github/my_code/old-research-code/ecu_eq_svc_p/problem3_ppo/results/20260619_010518/training_curve.png
[2026-06-19 01:05:20] [problem3_ppo/run_all.py]   /home/soar009/github/my_code/old-research-code/ecu_eq_svc_p/problem3_ppo/results/20260619_010518/comparison.png
[2026-06-19 01:05:20] [problem3_ppo/run_all.py]   /home/soar009/github/my_code/old-research-code/ecu_eq_svc_p/problem3_ppo/results/20260619_010518/results.json
[2026-06-19 01:05:20] [problem3_ppo/run_all.py]   /home/soar009/github/my_code/old-research-code/ecu_eq_svc_p/problem3_ppo/results/20260619_010518/summary.csv
[2026-06-19 01:05:20] [problem3_ppo/run_all.py] 
[2026-06-19 01:05:20] [problem3_ppo/run_all.py] 
[2026-06-19 01:05:20] [problem3_ppo/run_all.py] [timer] main finished in 18m 18.9s [2026-06-19 01:05:20]
=== Finished problem3_ppo/run_all.py in 1105.9s [2026-06-19 01:05:21] ===

=== Running problem4_ppo_mask/run_all.py [2026-06-19 01:05:21] ===

[2026-06-19 01:05:27] [problem4_ppo_mask/run_all.py] [timer] main started at 2026-06-19 01:05:27
[2026-06-19 01:05:27] [problem4_ppo_mask/run_all.py] [override] TOTAL_STEPS=500,000
[2026-06-19 01:05:27] [problem4_ppo_mask/run_all.py] 
[2026-06-19 01:05:27] [problem4_ppo_mask/run_all.py] ============================================================
[2026-06-19 01:05:27] [problem4_ppo_mask/run_all.py]   P4 run_all.py  —  RL WITH action masking (0 violations)
[2026-06-19 01:05:27] [problem4_ppo_mask/run_all.py]   Config : config_ecu_eq_svc.yaml  |  train=160/test=40  |  prototype idx=0
[2026-06-19 01:05:27] [problem4_ppo_mask/run_all.py] ============================================================
[2026-06-19 01:05:27] [problem4_ppo_mask/run_all.py] 
[2026-06-19 01:05:27] [problem4_ppo_mask/run_all.py] [CPU] No CUDA GPU, using CPU
[2026-06-19 01:05:29] [problem4_ppo_mask/run_all.py] Loaded scenario pool: All 200 Scenarios  |  N=10 ECUs  M=10 SVCs
[2026-06-19 01:05:29] [problem4_ppo_mask/run_all.py]   Prototype scenario: Scenario 1 (idx=0)
[2026-06-19 01:05:29] [problem4_ppo_mask/run_all.py]   Prototype ECU capacities : [50, 95, 120, 155, 70, 185, 180, 110, 135, 65]
[2026-06-19 01:05:29] [problem4_ppo_mask/run_all.py]   Prototype SVC requirements: [25, 60, 15, 20, 10, 65, 80, 95, 85, 30]
[2026-06-19 01:05:29] [problem4_ppo_mask/run_all.py] 
[2026-06-19 01:05:29] [problem4_ppo_mask/run_all.py] [Feasibility Check]
[2026-06-19 01:05:41] [problem4_ppo_mask/run_all.py]   Train: 160/160 feasible, 0 infeasible (idx: [])
[2026-06-19 01:05:41] [problem4_ppo_mask/run_all.py]   Test:  40/40 feasible, 0 infeasible (idx: [])
[2026-06-19 01:05:41] [problem4_ppo_mask/run_all.py] 
[2026-06-19 01:05:41] [problem4_ppo_mask/run_all.py] [1/3] Solving ILP for 40 test scenarios ...
[2026-06-19 01:05:41] [problem4_ppo_mask/run_all.py]     [cache] Loaded ILP results from /home/soar009/github/my_code/old-research-code/ecu_eq_svc_p/problem4_ppo_mask/results/ilp_cache.json
[2026-06-19 01:05:41] [problem4_ppo_mask/run_all.py]   ILP mean AR across 40 test scenarios: 0.5321
[2026-06-19 01:05:41] [problem4_ppo_mask/run_all.py] 
[2026-06-19 01:05:41] [problem4_ppo_mask/run_all.py] [2/3] MaskablePPO training (500,000 steps) ...
[2026-06-19 01:05:41] [problem4_ppo_mask/run_all.py]   Using DummyVecEnv: n_envs=40
[2026-06-19 01:13:01] [problem4_ppo_mask/run_all.py]   [train] step=200,000/500,000 ( 40.0%) | eps=21108 | steps/s=456
[2026-06-19 01:20:14] [problem4_ppo_mask/run_all.py]   [train] step=400,000/500,000 ( 80.0%) | eps=41108 | steps/s=459
[2026-06-19 01:24:02] [problem4_ppo_mask/run_all.py]   Training done  1099.3s | 51286 eps | AR(last50)=0.5532 | placed(last50)=10.0/10
[2026-06-19 01:24:02] [problem4_ppo_mask/run_all.py]   Model saved -> /home/soar009/github/my_code/old-research-code/ecu_eq_svc_p/problem4_ppo_mask/results/maskppo_p4_model.zip
[2026-06-19 01:24:02] [problem4_ppo_mask/run_all.py] 
[2026-06-19 01:24:02] [problem4_ppo_mask/run_all.py] [3/3] MaskablePPO evaluation (40 episodes, deterministic) ...
[2026-06-19 01:24:02] [problem4_ppo_mask/run_all.py]   PPO AR  mean=0.5280  std=0.0703
[2026-06-19 01:24:02] [problem4_ppo_mask/run_all.py]   Placed/ep  mean=10.0/10
[2026-06-19 01:24:02] [problem4_ppo_mask/run_all.py] 
[2026-06-19 01:24:02] [problem4_ppo_mask/run_all.py] ==================================================================
[2026-06-19 01:24:02] [problem4_ppo_mask/run_all.py]   Method                       AR (mean+/-std)          Placed     Viol
[2026-06-19 01:24:02] [problem4_ppo_mask/run_all.py]   ---------------------------- ------------------------ ---------- -----
[2026-06-19 01:24:02] [problem4_ppo_mask/run_all.py]   ILP (Optimal)                0.5321 +/- 0.0000       10/10      0
[2026-06-19 01:24:02] [problem4_ppo_mask/run_all.py]   MaskablePPO (P4)             0.5280 +/- 0.0703     10.0/10    0
[2026-06-19 01:24:02] [problem4_ppo_mask/run_all.py] ==================================================================
[2026-06-19 01:24:02] [problem4_ppo_mask/run_all.py] 
[2026-06-19 01:24:02] [problem4_ppo_mask/run_all.py]   JSON saved -> /home/soar009/github/my_code/old-research-code/ecu_eq_svc_p/problem4_ppo_mask/results/20260619_012402/results.json
[2026-06-19 01:24:02] [problem4_ppo_mask/run_all.py]   CSV  saved -> /home/soar009/github/my_code/old-research-code/ecu_eq_svc_p/problem4_ppo_mask/results/20260619_012402/summary.csv
[2026-06-19 01:24:04] [problem4_ppo_mask/run_all.py]   Saved -> /home/soar009/github/my_code/old-research-code/ecu_eq_svc_p/problem4_ppo_mask/results/20260619_012402/training_curve.png
[2026-06-19 01:24:05] [problem4_ppo_mask/run_all.py]   Saved -> /home/soar009/github/my_code/old-research-code/ecu_eq_svc_p/problem4_ppo_mask/results/20260619_012402/comparison.png
[2026-06-19 01:24:05] [problem4_ppo_mask/run_all.py] 
[2026-06-19 01:24:05] [problem4_ppo_mask/run_all.py] All done! Output files:
[2026-06-19 01:24:05] [problem4_ppo_mask/run_all.py]   /home/soar009/github/my_code/old-research-code/ecu_eq_svc_p/problem4_ppo_mask/results/20260619_012402/training_curve.png
[2026-06-19 01:24:05] [problem4_ppo_mask/run_all.py]   /home/soar009/github/my_code/old-research-code/ecu_eq_svc_p/problem4_ppo_mask/results/20260619_012402/comparison.png
[2026-06-19 01:24:05] [problem4_ppo_mask/run_all.py]   /home/soar009/github/my_code/old-research-code/ecu_eq_svc_p/problem4_ppo_mask/results/20260619_012402/results.json
[2026-06-19 01:24:05] [problem4_ppo_mask/run_all.py]   /home/soar009/github/my_code/old-research-code/ecu_eq_svc_p/problem4_ppo_mask/results/20260619_012402/summary.csv
[2026-06-19 01:24:05] [problem4_ppo_mask/run_all.py] 
[2026-06-19 01:24:05] [problem4_ppo_mask/run_all.py] 
[2026-06-19 01:24:05] [problem4_ppo_mask/run_all.py] [timer] main finished in 18m 37.6s [2026-06-19 01:24:05]
=== Finished problem4_ppo_mask/run_all.py in 1124.6s [2026-06-19 01:24:06] ===

=== Running problem5_ppo_lagrangian/run_all.py [2026-06-19 01:24:06] ===

[2026-06-19 01:24:11] [problem5_ppo_lagrangian/run_all.py] [timer] main started at 2026-06-19 01:24:11
[2026-06-19 01:24:11] [problem5_ppo_lagrangian/run_all.py] [override] TOTAL_STEPS=500,000
[2026-06-19 01:24:11] [problem5_ppo_lagrangian/run_all.py] 
[2026-06-19 01:24:11] [problem5_ppo_lagrangian/run_all.py] ============================================================
[2026-06-19 01:24:11] [problem5_ppo_lagrangian/run_all.py]   P5 run.py  —  Lagrangian Constraint Relaxation
[2026-06-19 01:24:11] [problem5_ppo_lagrangian/run_all.py]   Config : config_ecu_eq_svc.yaml  |  train=160/test=40  |  prototype idx=0
[2026-06-19 01:24:11] [problem5_ppo_lagrangian/run_all.py]   λ_init=0.0  lr=0.005  target=0.0  max=10.0
[2026-06-19 01:24:11] [problem5_ppo_lagrangian/run_all.py]   CPU cores detected: 56  →  configured parallel envs: 16
[2026-06-19 01:24:11] [problem5_ppo_lagrangian/run_all.py] ============================================================
[2026-06-19 01:24:11] [problem5_ppo_lagrangian/run_all.py] 
[2026-06-19 01:24:14] [problem5_ppo_lagrangian/run_all.py] Loaded scenario pool: All 200 Scenarios  |  N=10 ECUs  M=10 SVCs
[2026-06-19 01:24:14] [problem5_ppo_lagrangian/run_all.py]   Prototype scenario: Scenario 1 (idx=0)
[2026-06-19 01:24:14] [problem5_ppo_lagrangian/run_all.py]   Prototype ECU capacities : [50, 95, 120, 155, 70, 185, 180, 110, 135, 65]
[2026-06-19 01:24:14] [problem5_ppo_lagrangian/run_all.py]   Prototype SVC requirements: [25, 60, 15, 20, 10, 65, 80, 95, 85, 30]
[2026-06-19 01:24:14] [problem5_ppo_lagrangian/run_all.py] 
[2026-06-19 01:24:14] [problem5_ppo_lagrangian/run_all.py] [Feasibility Check]
[2026-06-19 01:24:25] [problem5_ppo_lagrangian/run_all.py]   Train: 160/160 feasible, 0 infeasible (idx: [])
[2026-06-19 01:24:25] [problem5_ppo_lagrangian/run_all.py]   Test:  40/40 feasible, 0 infeasible (idx: [])
[2026-06-19 01:24:25] [problem5_ppo_lagrangian/run_all.py] 
[2026-06-19 01:24:25] [problem5_ppo_lagrangian/run_all.py] [1/3] Solving ILP for 40 test scenarios ...
[2026-06-19 01:24:25] [problem5_ppo_lagrangian/run_all.py]     [cache] Loaded ILP results from /home/soar009/github/my_code/old-research-code/ecu_eq_svc_p/problem5_ppo_lagrangian/results/ilp_cache.json
[2026-06-19 01:24:25] [problem5_ppo_lagrangian/run_all.py]   ILP mean AR across 40 test scenarios: 0.5437
[2026-06-19 01:24:25] [problem5_ppo_lagrangian/run_all.py] 
[2026-06-19 01:24:25] [problem5_ppo_lagrangian/run_all.py] [2/3] Lagrangian PPO training (500,000 steps, 16 envs) ...
[2026-06-19 01:24:26] [problem5_ppo_lagrangian/run_all.py]   Using DummyVecEnv: n_envs=16
[2026-06-19 01:42:11] [problem5_ppo_lagrangian/run_all.py]   [train] step=200,000/500,000 ( 40.0%) | eps=20000 | steps/s=188 | lambda=1.1340
[2026-06-19 01:44:16] [problem5_ppo_lagrangian/run_all.py]   [train] step=400,000/500,000 ( 80.0%) | eps=40000 | steps/s=337 | lambda=1.1555
[2026-06-19 01:45:26] [problem5_ppo_lagrangian/run_all.py]   Training done  1257.8s | 50784 episodes | AR(last50)=0.5319 | viol(last50)=0.0020 | final λ=1.1643
[2026-06-19 01:45:26] [problem5_ppo_lagrangian/run_all.py]   Model saved -> /home/soar009/github/my_code/old-research-code/ecu_eq_svc_p/problem5_ppo_lagrangian/results/lagrange_ppo_model.zip
[2026-06-19 01:45:26] [problem5_ppo_lagrangian/run_all.py] 
[2026-06-19 01:45:26] [problem5_ppo_lagrangian/run_all.py] [3/3] Lagrangian PPO evaluation (40 episodes, deterministic) ...
[2026-06-19 01:45:26] [problem5_ppo_lagrangian/run_all.py]   PPO  AR mean=0.5283  Eval conflict viol=0.00%
[2026-06-19 01:45:26] [problem5_ppo_lagrangian/run_all.py] 
[2026-06-19 01:45:26] [problem5_ppo_lagrangian/run_all.py] ========================================================================
[2026-06-19 01:45:26] [problem5_ppo_lagrangian/run_all.py]   Method                       AR mean±std              ConflictViol%  Placed
[2026-06-19 01:45:26] [problem5_ppo_lagrangian/run_all.py]   ---------------------------- ------------------------ -------------- --------
[2026-06-19 01:45:26] [problem5_ppo_lagrangian/run_all.py]   ILP (Optimal)                0.5437 ± 0.0000        0.00%          10/10
[2026-06-19 01:45:26] [problem5_ppo_lagrangian/run_all.py]   Lagrange PPO                 0.5283 ± 0.0701     0.00%        10/10
[2026-06-19 01:45:26] [problem5_ppo_lagrangian/run_all.py]   Final λ = 1.1643
[2026-06-19 01:45:26] [problem5_ppo_lagrangian/run_all.py] ========================================================================
[2026-06-19 01:45:26] [problem5_ppo_lagrangian/run_all.py] 
[2026-06-19 01:45:26] [problem5_ppo_lagrangian/run_all.py]   JSON saved -> /home/soar009/github/my_code/old-research-code/ecu_eq_svc_p/problem5_ppo_lagrangian/results/20260619_014526/results.json
[2026-06-19 01:45:26] [problem5_ppo_lagrangian/run_all.py]   CSV  saved -> /home/soar009/github/my_code/old-research-code/ecu_eq_svc_p/problem5_ppo_lagrangian/results/20260619_014526/summary.csv
[2026-06-19 01:45:27] [problem5_ppo_lagrangian/run_all.py]   Saved -> /home/soar009/github/my_code/old-research-code/ecu_eq_svc_p/problem5_ppo_lagrangian/results/20260619_014526/training_curve.png
[2026-06-19 01:45:28] [problem5_ppo_lagrangian/run_all.py]   Saved -> /home/soar009/github/my_code/old-research-code/ecu_eq_svc_p/problem5_ppo_lagrangian/results/20260619_014526/comparison.png
[2026-06-19 01:45:28] [problem5_ppo_lagrangian/run_all.py] 
[2026-06-19 01:45:28] [problem5_ppo_lagrangian/run_all.py] All done! Output files:
[2026-06-19 01:45:28] [problem5_ppo_lagrangian/run_all.py]   /home/soar009/github/my_code/old-research-code/ecu_eq_svc_p/problem5_ppo_lagrangian/results/20260619_014526/training_curve.png
[2026-06-19 01:45:28] [problem5_ppo_lagrangian/run_all.py]   /home/soar009/github/my_code/old-research-code/ecu_eq_svc_p/problem5_ppo_lagrangian/results/20260619_014526/comparison.png
[2026-06-19 01:45:28] [problem5_ppo_lagrangian/run_all.py]   /home/soar009/github/my_code/old-research-code/ecu_eq_svc_p/problem5_ppo_lagrangian/results/20260619_014526/results.json
[2026-06-19 01:45:28] [problem5_ppo_lagrangian/run_all.py]   /home/soar009/github/my_code/old-research-code/ecu_eq_svc_p/problem5_ppo_lagrangian/results/20260619_014526/summary.csv
[2026-06-19 01:45:28] [problem5_ppo_lagrangian/run_all.py] 
[2026-06-19 01:45:28] [problem5_ppo_lagrangian/run_all.py] 
[2026-06-19 01:45:28] [problem5_ppo_lagrangian/run_all.py] [timer] main finished in 21m 16.2s [2026-06-19 01:45:28]
=== Finished problem5_ppo_lagrangian/run_all.py in 1282.9s [2026-06-19 01:45:28] ===

=== Running problem6_ppo_opt/run_all.py [2026-06-19 01:45:28] ===

[2026-06-19 01:45:33] [problem6_ppo_opt/run_all.py] [timer] main started at 2026-06-19 01:45:33
[2026-06-19 01:45:33] [problem6_ppo_opt/run_all.py] [override] TOTAL_STEPS=500,000
[2026-06-19 01:45:33] [problem6_ppo_opt/run_all.py] 
[2026-06-19 01:45:33] [problem6_ppo_opt/run_all.py] ============================================================
[2026-06-19 01:45:33] [problem6_ppo_opt/run_all.py]   P6 run_all.py  —  PPO + Best-fit Repair Heuristic
[2026-06-19 01:45:33] [problem6_ppo_opt/run_all.py]   Config : config_ecu_eq_svc.yaml  |  train=160/test=40  |  prototype idx=0
[2026-06-19 01:45:33] [problem6_ppo_opt/run_all.py] ============================================================
[2026-06-19 01:45:33] [problem6_ppo_opt/run_all.py] 
[2026-06-19 01:45:33] [problem6_ppo_opt/run_all.py] [CPU] No CUDA GPU, using CPU
[2026-06-19 01:45:34] [problem6_ppo_opt/run_all.py] Loaded scenario pool: All 200 Scenarios  |  N=10 ECUs  M=10 SVCs
[2026-06-19 01:45:34] [problem6_ppo_opt/run_all.py]   Prototype scenario: Scenario 1 (idx=0)
[2026-06-19 01:45:34] [problem6_ppo_opt/run_all.py]   Prototype ECU capacities : [50, 95, 120, 155, 70, 185, 180, 110, 135, 65]
[2026-06-19 01:45:34] [problem6_ppo_opt/run_all.py]   Prototype SVC requirements: [25, 60, 15, 20, 10, 65, 80, 95, 85, 30]
[2026-06-19 01:45:34] [problem6_ppo_opt/run_all.py] 
[2026-06-19 01:45:34] [problem6_ppo_opt/run_all.py] [Feasibility Check]
[2026-06-19 01:45:42] [problem6_ppo_opt/run_all.py]   Train: 160/160 feasible, 0 infeasible (idx: [])
[2026-06-19 01:45:42] [problem6_ppo_opt/run_all.py]   Test:  40/40 feasible, 0 infeasible (idx: [])
[2026-06-19 01:45:42] [problem6_ppo_opt/run_all.py] 
[2026-06-19 01:45:42] [problem6_ppo_opt/run_all.py] [1/3] Solving ILP for 40 test scenarios ...
[2026-06-19 01:45:42] [problem6_ppo_opt/run_all.py]     [cache] Loaded ILP results from /home/soar009/github/my_code/old-research-code/ecu_eq_svc_p/problem6_ppo_opt/results/ilp_cache.json
[2026-06-19 01:45:42] [problem6_ppo_opt/run_all.py]   ILP mean AR across 40 test scenarios: 0.5321
[2026-06-19 01:45:42] [problem6_ppo_opt/run_all.py] 
[2026-06-19 01:45:42] [problem6_ppo_opt/run_all.py] [2/3] PPO training (500,000 steps) ...
[2026-06-19 01:45:42] [problem6_ppo_opt/run_all.py]   Using DummyVecEnv: n_envs=40
[2026-06-19 01:47:36] [problem6_ppo_opt/run_all.py]   [train] step=200,000/500,000 ( 40.0%) | eps=20000 | steps/s=1,767
[2026-06-19 01:49:25] [problem6_ppo_opt/run_all.py]   [train] step=400,000/500,000 ( 80.0%) | eps=40000 | steps/s=1,800
[2026-06-19 01:50:20] [problem6_ppo_opt/run_all.py]   Training done  277.2s | 50160 episodes | AR(last50)=0.5600
[2026-06-19 01:50:20] [problem6_ppo_opt/run_all.py]   Model saved → /home/soar009/github/my_code/old-research-code/ecu_eq_svc_p/problem6_ppo_opt/results/ppo_p6_model.zip
[2026-06-19 01:50:20] [problem6_ppo_opt/run_all.py] 
[2026-06-19 01:50:20] [problem6_ppo_opt/run_all.py] [3/3] PPO evaluation (40 episodes, deterministic) ...
[2026-06-19 01:50:20] [problem6_ppo_opt/run_all.py]   PPO AR           mean=0.5285  std=0.0705
[2026-06-19 01:50:20] [problem6_ppo_opt/run_all.py]   Repair rate      mean=0.00%
[2026-06-19 01:50:20] [problem6_ppo_opt/run_all.py]   Cap violations   total=0  (repaired by best-fit)
[2026-06-19 01:50:20] [problem6_ppo_opt/run_all.py]   Conflict violations total=0  (repaired by best-fit)
[2026-06-19 01:50:20] [problem6_ppo_opt/run_all.py] 
[2026-06-19 01:50:20] [problem6_ppo_opt/run_all.py] ==============================================================
[2026-06-19 01:50:20] [problem6_ppo_opt/run_all.py]   Method                   AR (mean±std)          RepairRate
[2026-06-19 01:50:20] [problem6_ppo_opt/run_all.py]   ------------------------ ---------------------- ----------
[2026-06-19 01:50:20] [problem6_ppo_opt/run_all.py]   ILP (Optimal)            0.5321 ± 0.0000       0           cap=0   conf=0
[2026-06-19 01:50:20] [problem6_ppo_opt/run_all.py]   PPO+Repair (P6)          0.5285 ± 0.0705     0.00%       cap=0  conf=0
[2026-06-19 01:50:20] [problem6_ppo_opt/run_all.py] ==============================================================
[2026-06-19 01:50:20] [problem6_ppo_opt/run_all.py] 
[2026-06-19 01:50:20] [problem6_ppo_opt/run_all.py]   JSON saved → /home/soar009/github/my_code/old-research-code/ecu_eq_svc_p/problem6_ppo_opt/results/20260619_015020/results.json
[2026-06-19 01:50:20] [problem6_ppo_opt/run_all.py]   CSV  saved → /home/soar009/github/my_code/old-research-code/ecu_eq_svc_p/problem6_ppo_opt/results/20260619_015020/summary.csv
[2026-06-19 01:50:21] [problem6_ppo_opt/run_all.py]   Saved → /home/soar009/github/my_code/old-research-code/ecu_eq_svc_p/problem6_ppo_opt/results/20260619_015020/training_curve.png
[2026-06-19 01:50:22] [problem6_ppo_opt/run_all.py]   Saved → /home/soar009/github/my_code/old-research-code/ecu_eq_svc_p/problem6_ppo_opt/results/20260619_015020/comparison.png
[2026-06-19 01:50:22] [problem6_ppo_opt/run_all.py] 
[2026-06-19 01:50:22] [problem6_ppo_opt/run_all.py] All done! Output files:
[2026-06-19 01:50:22] [problem6_ppo_opt/run_all.py]   /home/soar009/github/my_code/old-research-code/ecu_eq_svc_p/problem6_ppo_opt/results/20260619_015020/training_curve.png
[2026-06-19 01:50:22] [problem6_ppo_opt/run_all.py]   /home/soar009/github/my_code/old-research-code/ecu_eq_svc_p/problem6_ppo_opt/results/20260619_015020/comparison.png
[2026-06-19 01:50:22] [problem6_ppo_opt/run_all.py]   /home/soar009/github/my_code/old-research-code/ecu_eq_svc_p/problem6_ppo_opt/results/20260619_015020/results.json
[2026-06-19 01:50:22] [problem6_ppo_opt/run_all.py]   /home/soar009/github/my_code/old-research-code/ecu_eq_svc_p/problem6_ppo_opt/results/20260619_015020/summary.csv
[2026-06-19 01:50:22] [problem6_ppo_opt/run_all.py] 
[2026-06-19 01:50:22] [problem6_ppo_opt/run_all.py] 
[2026-06-19 01:50:22] [problem6_ppo_opt/run_all.py] [timer] main finished in 4m 49.0s [2026-06-19 01:50:22]
=== Finished problem6_ppo_opt/run_all.py in 294.1s [2026-06-19 01:50:23] ===

=== Running problem_dqn/run_all.py [2026-06-19 01:50:23] ===

[2026-06-19 01:50:27] [problem_dqn/run_all.py] [timer] main started at 2026-06-19 01:50:27
[2026-06-19 01:50:27] [problem_dqn/run_all.py] [override] TOTAL_STEPS=500,000
[2026-06-19 01:50:27] [problem_dqn/run_all.py] 
[2026-06-19 01:50:27] [problem_dqn/run_all.py] ============================================================
[2026-06-19 01:50:27] [problem_dqn/run_all.py]   DQN run_all.py  —  RL WITHOUT action masking
[2026-06-19 01:50:27] [problem_dqn/run_all.py]   Violation → reward=-1, episode terminates immediately.
[2026-06-19 01:50:27] [problem_dqn/run_all.py]   Config : config_ecu_eq_svc.yaml  |  train=160/test=40  |  prototype idx=0
[2026-06-19 01:50:27] [problem_dqn/run_all.py] ============================================================
[2026-06-19 01:50:27] [problem_dqn/run_all.py] 
[2026-06-19 01:50:27] [problem_dqn/run_all.py] [CPU] No CUDA GPU, using CPU
[2026-06-19 01:50:28] [problem_dqn/run_all.py] Loaded scenario pool: All 200 Scenarios  |  N=10 ECUs  M=10 SVCs
[2026-06-19 01:50:28] [problem_dqn/run_all.py]   Prototype scenario: Scenario 1 (idx=0)
[2026-06-19 01:50:28] [problem_dqn/run_all.py]   Prototype ECU capacities : [50, 95, 120, 155, 70, 185, 180, 110, 135, 65]
[2026-06-19 01:50:28] [problem_dqn/run_all.py]   Prototype SVC requirements: [25, 60, 15, 20, 10, 65, 80, 95, 85, 30]
[2026-06-19 01:50:28] [problem_dqn/run_all.py] 
[2026-06-19 01:50:28] [problem_dqn/run_all.py] [Feasibility Check]
[2026-06-19 01:50:36] [problem_dqn/run_all.py]   Train: 160/160 feasible, 0 infeasible (idx: [])
[2026-06-19 01:50:36] [problem_dqn/run_all.py]   Test:  40/40 feasible, 0 infeasible (idx: [])
[2026-06-19 01:50:36] [problem_dqn/run_all.py] 
[2026-06-19 01:50:36] [problem_dqn/run_all.py] [1/3] Solving ILP for 40 test scenarios ...
[2026-06-19 01:50:36] [problem_dqn/run_all.py]     [cache] Loaded ILP results from /home/soar009/github/my_code/old-research-code/ecu_eq_svc_p/problem_dqn/results/ilp_cache.json
[2026-06-19 01:50:36] [problem_dqn/run_all.py]   ILP mean AR across 40 test scenarios: 0.5321
[2026-06-19 01:50:36] [problem_dqn/run_all.py] 
[2026-06-19 01:50:36] [problem_dqn/run_all.py] [2/3] DQN training (500,000 steps) ...
[2026-06-19 01:50:36] [problem_dqn/run_all.py]   Using DummyVecEnv: n_envs=12
[2026-06-19 01:51:18] [problem_dqn/run_all.py]   [train] step=200,004/500,000 ( 40.0%) | eps=19992 | steps/s=4,908
[2026-06-19 01:51:59] [problem_dqn/run_all.py]   [train] step=400,008/500,000 ( 80.0%) | eps=39996 | steps/s=4,889
[2026-06-19 01:52:20] [problem_dqn/run_all.py]   Training done  102.3s | 49992 eps | reward(last50)=5.8463 | AR(last50)=0.5351 | viol_rate(last50)=0.00%
[2026-06-19 01:52:20] [problem_dqn/run_all.py]   Model saved -> /home/soar009/github/my_code/old-research-code/ecu_eq_svc_p/problem_dqn/results/20260619_015027/dqn_model.zip
[2026-06-19 01:52:20] [problem_dqn/run_all.py] 
[2026-06-19 01:52:20] [problem_dqn/run_all.py] [3/3] DQN evaluation (40 episodes, deterministic) ...
[2026-06-19 01:52:20] [problem_dqn/run_all.py]   DQN AR  mean=0.5253  std=0.0680
[2026-06-19 01:52:20] [problem_dqn/run_all.py]   Placed/ep  mean=10.0/10
[2026-06-19 01:52:20] [problem_dqn/run_all.py]   Eval viol rate  5.00%
[2026-06-19 01:52:20] [problem_dqn/run_all.py] 
[2026-06-19 01:52:20] [problem_dqn/run_all.py] ====================================================================
[2026-06-19 01:52:20] [problem_dqn/run_all.py]   Method                   AR (mean+/-std)        Placed     Viol%
[2026-06-19 01:52:20] [problem_dqn/run_all.py]   ------------------------ ---------------------- ---------- ------
[2026-06-19 01:52:20] [problem_dqn/run_all.py]   ILP (Optimal)            0.5321 +/- 0.0000     10/10     0%
[2026-06-19 01:52:20] [problem_dqn/run_all.py]   DQN (no mask)            0.5253 +/- 0.0680     10.0/10   5%
[2026-06-19 01:52:20] [problem_dqn/run_all.py] ====================================================================
[2026-06-19 01:52:20] [problem_dqn/run_all.py] 
[2026-06-19 01:52:20] [problem_dqn/run_all.py]   JSON saved -> /home/soar009/github/my_code/old-research-code/ecu_eq_svc_p/problem_dqn/results/20260619_015027/results.json
[2026-06-19 01:52:20] [problem_dqn/run_all.py]   CSV  saved -> /home/soar009/github/my_code/old-research-code/ecu_eq_svc_p/problem_dqn/results/20260619_015027/summary.csv
[2026-06-19 01:52:21] [problem_dqn/run_all.py]   Saved -> /home/soar009/github/my_code/old-research-code/ecu_eq_svc_p/problem_dqn/results/20260619_015027/training_curve.png
[2026-06-19 01:52:21] [problem_dqn/run_all.py]   Saved -> /home/soar009/github/my_code/old-research-code/ecu_eq_svc_p/problem_dqn/results/20260619_015027/comparison.png
[2026-06-19 01:52:21] [problem_dqn/run_all.py] 
[2026-06-19 01:52:21] [problem_dqn/run_all.py] All done! Output files:
[2026-06-19 01:52:21] [problem_dqn/run_all.py]   /home/soar009/github/my_code/old-research-code/ecu_eq_svc_p/problem_dqn/results/20260619_015027/training_curve.png
[2026-06-19 01:52:21] [problem_dqn/run_all.py]   /home/soar009/github/my_code/old-research-code/ecu_eq_svc_p/problem_dqn/results/20260619_015027/comparison.png
[2026-06-19 01:52:21] [problem_dqn/run_all.py]   /home/soar009/github/my_code/old-research-code/ecu_eq_svc_p/problem_dqn/results/20260619_015027/results.json
[2026-06-19 01:52:21] [problem_dqn/run_all.py]   /home/soar009/github/my_code/old-research-code/ecu_eq_svc_p/problem_dqn/results/20260619_015027/summary.csv
[2026-06-19 01:52:21] [problem_dqn/run_all.py] 
[2026-06-19 01:52:21] [problem_dqn/run_all.py] 
[2026-06-19 01:52:21] [problem_dqn/run_all.py] [timer] main finished in 1m 54.8s [2026-06-19 01:52:21]
=== Finished problem_dqn/run_all.py in 119.6s [2026-06-19 01:52:22] ===

=== Running problem_ddqn/run_all.py [2026-06-19 01:52:22] ===

[2026-06-19 01:52:26] [problem_ddqn/run_all.py] [timer] main started at 2026-06-19 01:52:26
[2026-06-19 01:52:26] [problem_ddqn/run_all.py] [override] TOTAL_STEPS=500,000
[2026-06-19 01:52:26] [problem_ddqn/run_all.py] 
[2026-06-19 01:52:26] [problem_ddqn/run_all.py] ============================================================
[2026-06-19 01:52:26] [problem_ddqn/run_all.py]   DDQN run_all.py  — RL WITHOUT action masking
[2026-06-19 01:52:26] [problem_ddqn/run_all.py]   Violation → reward=-1, episode terminates immediately.
[2026-06-19 01:52:26] [problem_ddqn/run_all.py]   Config : config_ecu_eq_svc.yaml  |  train=160/test=40  |  prototype idx=0
[2026-06-19 01:52:26] [problem_ddqn/run_all.py] ============================================================
[2026-06-19 01:52:26] [problem_ddqn/run_all.py] 
[2026-06-19 01:52:26] [problem_ddqn/run_all.py] [CPU] No CUDA GPU, using CPU
[2026-06-19 01:52:27] [problem_ddqn/run_all.py] Loaded scenario pool: All 200 Scenarios  |  N=10 ECUs  M=10 SVCs
[2026-06-19 01:52:27] [problem_ddqn/run_all.py]   Prototype scenario: Scenario 1 (idx=0)
[2026-06-19 01:52:27] [problem_ddqn/run_all.py]   Prototype ECU capacities : [50, 95, 120, 155, 70, 185, 180, 110, 135, 65]
[2026-06-19 01:52:27] [problem_ddqn/run_all.py]   Prototype SVC requirements: [25, 60, 15, 20, 10, 65, 80, 95, 85, 30]
[2026-06-19 01:52:27] [problem_ddqn/run_all.py] 
[2026-06-19 01:52:27] [problem_ddqn/run_all.py] [Feasibility Check]
[2026-06-19 01:52:33] [problem_ddqn/run_all.py]   Train: 160/160 feasible, 0 infeasible (idx: [])
[2026-06-19 01:52:33] [problem_ddqn/run_all.py]   Test:  40/40 feasible, 0 infeasible (idx: [])
[2026-06-19 01:52:33] [problem_ddqn/run_all.py] 
[2026-06-19 01:52:33] [problem_ddqn/run_all.py] [1/3] Solving ILP for 40 test scenarios ...
[2026-06-19 01:52:33] [problem_ddqn/run_all.py]     [cache] Loaded ILP results from /home/soar009/github/my_code/old-research-code/ecu_eq_svc_p/problem_ddqn/results/ilp_cache.json
[2026-06-19 01:52:33] [problem_ddqn/run_all.py]   ILP mean AR across 40 test scenarios: 0.5321
[2026-06-19 01:52:33] [problem_ddqn/run_all.py] 
[2026-06-19 01:52:33] [problem_ddqn/run_all.py] [2/3] DDQN training (500,000 steps) ...
[2026-06-19 01:52:33] [problem_ddqn/run_all.py]   Using DummyVecEnv: n_envs=12
[2026-06-19 01:53:13] [problem_ddqn/run_all.py]   [train] step=200,004/500,000 ( 40.0%) | eps=19992 | steps/s=5,177
[2026-06-19 01:53:53] [problem_ddqn/run_all.py]   [train] step=400,008/500,000 ( 80.0%) | eps=39996 | steps/s=5,102
[2026-06-19 01:54:13] [problem_ddqn/run_all.py]   DDQN Training done  98.3s | 49992 eps | reward(last50)=5.8525 | AR(last50)=0.5367 | viol_rate(last50)=0.00%
[2026-06-19 01:54:13] [problem_ddqn/run_all.py]   Model saved -> /home/soar009/github/my_code/old-research-code/ecu_eq_svc_p/problem_ddqn/results/20260619_015226/ddqn_model.zip
[2026-06-19 01:54:13] [problem_ddqn/run_all.py] 
[2026-06-19 01:54:13] [problem_ddqn/run_all.py] [3/3] DDQN evaluation (40 episodes, deterministic) ...
[2026-06-19 01:54:13] [problem_ddqn/run_all.py]   DDQN AR  mean=0.5242  std=0.0706
[2026-06-19 01:54:13] [problem_ddqn/run_all.py]   Placed/ep  mean=10.0/10
[2026-06-19 01:54:13] [problem_ddqn/run_all.py]   Eval viol rate  2.50%
[2026-06-19 01:54:13] [problem_ddqn/run_all.py] 
[2026-06-19 01:54:13] [problem_ddqn/run_all.py] ====================================================================
[2026-06-19 01:54:13] [problem_ddqn/run_all.py]   Method                   AR (mean+/-std)        Placed     Viol%
[2026-06-19 01:54:13] [problem_ddqn/run_all.py]   ------------------------ ---------------------- ---------- ------
[2026-06-19 01:54:13] [problem_ddqn/run_all.py]   ILP (Optimal)            0.5321 +/- 0.0000     10/10     0%
[2026-06-19 01:54:13] [problem_ddqn/run_all.py]   DDQN (no mask)           0.5242 +/- 0.0706   10.0/10   2.5%
[2026-06-19 01:54:13] [problem_ddqn/run_all.py] ====================================================================
[2026-06-19 01:54:13] [problem_ddqn/run_all.py] 
[2026-06-19 01:54:13] [problem_ddqn/run_all.py]   JSON saved -> /home/soar009/github/my_code/old-research-code/ecu_eq_svc_p/problem_ddqn/results/20260619_015226/results.json
[2026-06-19 01:54:13] [problem_ddqn/run_all.py]   CSV  saved -> /home/soar009/github/my_code/old-research-code/ecu_eq_svc_p/problem_ddqn/results/20260619_015226/summary.csv
[2026-06-19 01:54:14] [problem_ddqn/run_all.py]   Saved -> /home/soar009/github/my_code/old-research-code/ecu_eq_svc_p/problem_ddqn/results/20260619_015226/training_curve.png
[2026-06-19 01:54:14] [problem_ddqn/run_all.py]   Saved -> /home/soar009/github/my_code/old-research-code/ecu_eq_svc_p/problem_ddqn/results/20260619_015226/comparison.png
[2026-06-19 01:54:14] [problem_ddqn/run_all.py] 
[2026-06-19 01:54:14] [problem_ddqn/run_all.py] All done! Output files:
[2026-06-19 01:54:14] [problem_ddqn/run_all.py]   /home/soar009/github/my_code/old-research-code/ecu_eq_svc_p/problem_ddqn/results/20260619_015226/training_curve.png
[2026-06-19 01:54:14] [problem_ddqn/run_all.py]   /home/soar009/github/my_code/old-research-code/ecu_eq_svc_p/problem_ddqn/results/20260619_015226/comparison.png
[2026-06-19 01:54:14] [problem_ddqn/run_all.py]   /home/soar009/github/my_code/old-research-code/ecu_eq_svc_p/problem_ddqn/results/20260619_015226/results.json
[2026-06-19 01:54:14] [problem_ddqn/run_all.py]   /home/soar009/github/my_code/old-research-code/ecu_eq_svc_p/problem_ddqn/results/20260619_015226/summary.csv
[2026-06-19 01:54:14] [problem_ddqn/run_all.py] 
[2026-06-19 01:54:14] [problem_ddqn/run_all.py] 
[2026-06-19 01:54:14] [problem_ddqn/run_all.py] [timer] main finished in 1m 48.8s [2026-06-19 01:54:14]
=== Finished problem_ddqn/run_all.py in 112.9s [2026-06-19 01:54:15] ===

[timer] main finished in 67m 19.9s [2026-06-19 01:54:15]
All runs completed.
Base path: /home/soar009/github/my_code/old-research-code/ecu_eq_svc_p
Starting all problem runs...
Copied /home/soar009/github/my_code/old-research-code/ecu_eq_svc_p/problem3_ppo/results/20260619_010518/summary.csv to /home/soar009/github/my_code/old-research-code/ecu_eq_svc_p/run_scripts/results_combined/problem3_ppo/summary.csv
Copied /home/soar009/github/my_code/old-research-code/ecu_eq_svc_p/problem4_ppo_mask/results/20260619_012402/summary.csv to /home/soar009/github/my_code/old-research-code/ecu_eq_svc_p/run_scripts/results_combined/problem4_ppo_mask/summary.csv
Copied /home/soar009/github/my_code/old-research-code/ecu_eq_svc_p/problem5_ppo_lagrangian/results/20260619_014526/summary.csv to /home/soar009/github/my_code/old-research-code/ecu_eq_svc_p/run_scripts/results_combined/problem5_ppo_lagrangian/summary.csv
Copied /home/soar009/github/my_code/old-research-code/ecu_eq_svc_p/problem6_ppo_opt/results/20260619_015020/summary.csv to /home/soar009/github/my_code/old-research-code/ecu_eq_svc_p/run_scripts/results_combined/problem6_ppo_opt/summary.csv
Copied /home/soar009/github/my_code/old-research-code/ecu_eq_svc_p/problem_dqn/results/20260619_015027/summary.csv to /home/soar009/github/my_code/old-research-code/ecu_eq_svc_p/run_scripts/results_combined/problem_dqn/summary.csv
Copied /home/soar009/github/my_code/old-research-code/ecu_eq_svc_p/problem_ddqn/results/20260619_015226/summary.csv to /home/soar009/github/my_code/old-research-code/ecu_eq_svc_p/run_scripts/results_combined/problem_ddqn/summary.csv

All files copied to results_combined. You can now run combined.py to aggregate and plot the results.

===== Combined Summary =====
        problem               method  ar_mean  ar_std  placed_mean  viol_rate  cap_viol_total  conflict_viol_total
         P3 PPO        ILP (Optimal)   0.5321  0.0000      10.0000     0.0000               0                    0
         P3 PPO PPO (P3, cap masked)   0.8752  0.0599      10.0000     0.3700               0                  148
    P4 PPO-Mask        ILP (Optimal)   0.5321  0.0000      10.0000     0.0000               0                    0
    P4 PPO-Mask     MaskablePPO (P4)   0.5280  0.0703      10.0000     0.0000               0                    0
P5 PPO-Lagrange        ILP (Optimal)   0.5437  0.0000      10.0000     0.0000               0                    0
P5 PPO-Lagrange         Lagrange PPO   0.5283  0.0701      10.0000     0.0000               0                    0
     P6 PPO-Opt        ILP (Optimal)   0.5321  0.0000      10.0000        NaN               0                    0
     P6 PPO-Opt      PPO+Repair (P6)   0.5285  0.0705      10.0000        NaN               0                    0
            DQN        ILP (Optimal)   0.5321  0.0000      10.0000     0.0000               0                    0
            DQN        DQN (no mask)   0.5253  0.0680      10.0000     0.0500               0                    2
           DDQN        ILP (Optimal)   0.5321  0.0000      10.0000     0.0000               0                    0
           DDQN       DDQN (no mask)   0.5242  0.0706      10.0000     0.0250               0                    1

===== Best RL Agent per Problem =====
        problem               method  ar_mean  ar_std  placed_mean  viol_rate  cap_viol_total  conflict_viol_total
         P3 PPO PPO (P3, cap masked)   0.8752  0.0599      10.0000     0.3700               0                  148
    P4 PPO-Mask     MaskablePPO (P4)   0.5280  0.0703      10.0000     0.0000               0                    0
P5 PPO-Lagrange         Lagrange PPO   0.5283  0.0701      10.0000     0.0000               0                    0
     P6 PPO-Opt      PPO+Repair (P6)   0.5285  0.0705      10.0000        NaN               0                    0
           DDQN       DDQN (no mask)   0.5242  0.0706      10.0000     0.0250               0                    1
            DQN        DQN (no mask)   0.5253  0.0680      10.0000     0.0500               0                    2
Saved: /home/soar009/github/my_code/old-research-code/ecu_eq_svc_p/run_scripts/results_combined/combined_results.png

Done.
